#
# A fatal error has been detected by the Java Runtime Environment:
#
#  SIGSEGV (0xb) at pc=0x00007fcf2e7b6973, pid=8239, tid=140528965478144
#
# JRE version: Java(TM) SE Runtime Environment (8.0_91-b14) (build 1.8.0_91-b14)
# Java VM: Java HotSpot(TM) 64-Bit Server VM (25.91-b14 mixed mode linux-amd64 compressed oops)
# Problematic frame:
# C  [i965_dri.so+0x403973]
#
# Failed to write core dump. Core dumps have been disabled. To enable core dumping, try "ulimit -c unlimited" before starting Java again
#
# If you would like to submit a bug report, please visit:
#   http://bugreport.java.com/bugreport/crash.jsp
# The crash happened outside the Java Virtual Machine in native code.
# See problematic frame for where to report the bug.
#

---------------  T H R E A D  ---------------

Current thread (0x00007fcf9c329800):  JavaThread "QuantumRenderer-0" daemon [_thread_in_native, id=8262, stack(0x00007fcf73016000,0x00007fcf73117000)]

siginfo: si_signo: 11 (SIGSEGV), si_code: 1 (SEGV_MAPERR), si_addr: 0x0000000000000218

Registers:
RAX=0x0000000000000000, RBX=0x00007fcf382eaf30, RCX=0x0040000000400000, RDX=0x0040000000000000
RSP=0x00007fcf73114bd0, RBP=0x0000000000000000, RSI=0x0000000000000008, RDI=0x00007fcf382eaf30
R8 =0x0000000000000000, R9 =0x0000000000000000, R10=0x0000000000000000, R11=0x0000000000000000
R12=0x00007fcf39890c20, R13=0x00007fcf382eaf30, R14=0x00007fcf39e06e50, R15=0x00007fcf39df9d00
RIP=0x00007fcf2e7b6973, EFLAGS=0x0000000000010206, CSGSFS=0x0000000000000033, ERR=0x0000000000000004
  TRAPNO=0x000000000000000e

Top of Stack: (sp=0x00007fcf73114bd0)
0x00007fcf73114bd0:   000003ba00000000 000000da00000000
0x00007fcf73114be0:   0000000400008006 e45517b4d077f200
0x00007fcf73114bf0:   00007fcf39d55258 00007fcf382eaf30
0x00007fcf73114c00:   00007fcf38312348 00007fcf2ee9cf40
0x00007fcf73114c10:   0000000008490008 0240000000f00000
0x00007fcf73114c20:   00007fcf38312450 00007fcf2e7be4a1
0x00007fcf73114c30:   0000000000000000 00007fcf38310568
0x00007fcf73114c40:   00007fcf383355b8 0000000000000003
0x00007fcf73114c50:   00007fcf382eaf30 e45517b4d077f200
0x00007fcf73114c60:   00007fcf382eaf30 00007fcf382eaf30
0x00007fcf73114c70:   00007fcf73114d70 00007fcf73114d70
0x00007fcf73114c80:   0000000000000001 0000000000000001
0x00007fcf73114c90:   00007fcf382eaf30 00007fcf2e7b0503
0x00007fcf73114ca0:   0000000000000000 0000000000000000
0x00007fcf73114cb0:   0000000000000000 00007fcf39d3e900
0x00007fcf73114cc0:   00007fcf2ee9cf40 00007fcf383355b8
0x00007fcf73114cd0:   0000000000000001 0000000001000000
0x00007fcf73114ce0:   00007ff900000000 00007fcf382eaf30
0x00007fcf73114cf0:   0000000000000000 0000000000000004
0x00007fcf73114d00:   0000000000000000 0000000000000000
0x00007fcf73114d10:   00000000ffffffff 00007fcf2e57a338
0x00007fcf73114d20:   0000000000000003 0000000000000000
0x00007fcf73114d30:   0000000000000000 0000000000000000
0x00007fcf73114d40:   000000062ea37072 00007fcf383320f0
0x00007fcf73114d50:   0000000200000006 00007fcf3833cfe0
0x00007fcf73114d60:   0000000000000000 0000000000000000
0x00007fcf73114d70:   0000000000001704 0000000000000006
0x00007fcf73114d80:   0000000000000001 0000000700000000
0x00007fcf73114d90:   00000000ffffffff e45517b4d077f200
0x00007fcf73114da0:   00007fcf73114da0 00007fcf382eaf30
0x00007fcf73114db0:   0000000000000004 0000000000000006
0x00007fcf73114dc0:   0000000000001403 0000000000000000 

Instructions: (pc=0x00007fcf2e7b6973)
0x00007fcf2e7b6953:   4d 8b a6 98 00 00 00 4d 85 e4 0f 84 9d 01 00 00
0x00007fcf2e7b6963:   4d 85 ff 0f 84 a7 01 00 00 49 8b af 88 00 00 00
0x00007fcf2e7b6973:   48 8b 9d 18 02 00 00 48 85 db 0f 84 3d 02 00 00
0x00007fcf2e7b6983:   41 8b 85 70 76 02 00 4d 85 f6 89 44 24 08 41 8b 

Register to memory mapping:

RAX=0x0000000000000000 is an unknown value
RBX=0x00007fcf382eaf30 is an unknown value
RCX=0x0040000000400000 is an unknown value
RDX=0x0040000000000000 is an unknown value
RSP=0x00007fcf73114bd0 is pointing into the stack for thread: 0x00007fcf9c329800
RBP=0x0000000000000000 is an unknown value
RSI=0x0000000000000008 is an unknown value
RDI=0x00007fcf382eaf30 is an unknown value
R8 =0x0000000000000000 is an unknown value
R9 =0x0000000000000000 is an unknown value
R10=0x0000000000000000 is an unknown value
R11=0x0000000000000000 is an unknown value
R12=0x00007fcf39890c20 is an unknown value
R13=0x00007fcf382eaf30 is an unknown value
R14=0x00007fcf39e06e50 is an unknown value
R15=0x00007fcf39df9d00 is an unknown value


Stack: [0x00007fcf73016000,0x00007fcf73117000],  sp=0x00007fcf73114bd0,  free space=1018k
Native frames: (J=compiled Java code, j=interpreted, Vv=VM code, C=native code)
C  [i965_dri.so+0x403973]

Java frames: (J=compiled Java code, j=interpreted, Vv=VM code)
j  com.sun.prism.es2.GLContext.nDrawIndexedQuads(JI[F[B)V+0
j  com.sun.prism.es2.GLContext.drawIndexedQuads([F[BI)V+7
j  com.sun.prism.es2.ES2VertexBuffer.drawQuads(I)V+13
J 1607 C1 com.sun.prism.impl.BaseContext.flushVertexBuffer()V (104 bytes) @ 0x00007fcf8d57bb4c [0x00007fcf8d57b4a0+0x6ac]
j  com.sun.prism.es2.ES2SwapChain.drawTexture(Lcom/sun/prism/es2/ES2Graphics;Lcom/sun/prism/RTTexture;FFFFFFFF)V+68
j  com.sun.prism.es2.ES2SwapChain.prepare(Lcom/sun/javafx/geom/Rectangle;)Z+146
J 1190 C1 com.sun.javafx.tk.quantum.PresentingPainter.run()V (675 bytes) @ 0x00007fcf8d3f3adc [0x00007fcf8d3f19e0+0x20fc]
J 1321 C1 java.util.concurrent.Executors$RunnableAdapter.call()Ljava/lang/Object; (14 bytes) @ 0x00007fcf8d47ea94 [0x00007fcf8d47e980+0x114]
J 1240 C1 java.util.concurrent.FutureTask.runAndReset()Z (128 bytes) @ 0x00007fcf8d424eac [0x00007fcf8d424c40+0x26c]
J 1320 C1 com.sun.javafx.tk.RenderJob.run()V (105 bytes) @ 0x00007fcf8d47f54c [0x00007fcf8d47f4c0+0x8c]
j  java.util.concurrent.ThreadPoolExecutor.runWorker(Ljava/util/concurrent/ThreadPoolExecutor$Worker;)V+95
j  java.util.concurrent.ThreadPoolExecutor$Worker.run()V+5
j  com.sun.javafx.tk.quantum.QuantumRenderer$PipelineRunnable.run()V+8
j  java.lang.Thread.run()V+11
v  ~StubRoutines::call_stub

---------------  P R O C E S S  ---------------

Java Threads: ( => current thread )
  0x00007fcf20260800 JavaThread "Prism Font Disposer" daemon [_thread_blocked, id=8266, stack(0x00007fcf2c50b000,0x00007fcf2c60c000)]
  0x00007fcf9c380800 JavaThread "JavaFX-Launcher" [_thread_blocked, id=8265, stack(0x00007fcf2d50c000,0x00007fcf2d60d000)]
  0x00007fcf9c37c800 JavaThread "JavaFX Application Thread" [_thread_blocked, id=8264, stack(0x00007fcf2d60d000,0x00007fcf2d70e000)]
  0x00007fcf9c378800 JavaThread "Thread-1" daemon [_thread_blocked, id=8263, stack(0x00007fcf60099000,0x00007fcf6019a000)]
=>0x00007fcf9c329800 JavaThread "QuantumRenderer-0" daemon [_thread_in_native, id=8262, stack(0x00007fcf73016000,0x00007fcf73117000)]
  0x00007fcf9c218000 JavaThread "Service Thread" daemon [_thread_blocked, id=8260, stack(0x00007fcf73218000,0x00007fcf73319000)]
  0x00007fcf9c20c800 JavaThread "C1 CompilerThread3" daemon [_thread_blocked, id=8259, stack(0x00007fcf73319000,0x00007fcf7341a000)]
  0x00007fcf9c20a800 JavaThread "C2 CompilerThread2" daemon [_thread_blocked, id=8258, stack(0x00007fcf7341a000,0x00007fcf7351b000)]
  0x00007fcf9c208800 JavaThread "C2 CompilerThread1" daemon [_thread_blocked, id=8257, stack(0x00007fcf7351b000,0x00007fcf7361c000)]
  0x00007fcf9c206000 JavaThread "C2 CompilerThread0" daemon [_thread_blocked, id=8256, stack(0x00007fcf7361c000,0x00007fcf7371d000)]
  0x00007fcf9c204800 JavaThread "Signal Dispatcher" daemon [_thread_blocked, id=8255, stack(0x00007fcf7371d000,0x00007fcf7381e000)]
  0x00007fcf9c1d1000 JavaThread "Finalizer" daemon [_thread_blocked, id=8254, stack(0x00007fcf73afb000,0x00007fcf73bfc000)]
  0x00007fcf9c1cc800 JavaThread "Reference Handler" daemon [_thread_blocked, id=8253, stack(0x00007fcf73bfc000,0x00007fcf73cfd000)]
  0x00007fcf9c007800 JavaThread "main" [_thread_blocked, id=8243, stack(0x00007fcfa5c14000,0x00007fcfa5d15000)]

Other Threads:
  0x00007fcf9c1c5000 VMThread [stack: 0x00007fcf73cfd000,0x00007fcf73dfe000] [id=8252]
  0x00007fcf9c21a800 WatcherThread [stack: 0x00007fcf73117000,0x00007fcf73218000] [id=8261]

VM state:not at safepoint (normal execution)

VM Mutex/Monitor currently owned by a thread: None

Heap:
 PSYoungGen      total 74752K, used 24833K [0x000000076d180000, 0x0000000772480000, 0x00000007c0000000)
  eden space 64512K, 32% used [0x000000076d180000,0x000000076e5e8708,0x0000000771080000)
  from space 10240K, 38% used [0x0000000771080000,0x0000000771458020,0x0000000771a80000)
  to   space 10240K, 0% used [0x0000000771a80000,0x0000000771a80000,0x0000000772480000)
 ParOldGen       total 171008K, used 16K [0x00000006c7400000, 0x00000006d1b00000, 0x000000076d180000)
  object space 171008K, 0% used [0x00000006c7400000,0x00000006c7404000,0x00000006d1b00000)
 Metaspace       used 12610K, capacity 13082K, committed 13184K, reserved 1060864K
  class space    used 1736K, capacity 1886K, committed 1920K, reserved 1048576K

Card table byte_map: [0x00007fcfa2a60000,0x00007fcfa3227000] byte_map_base: 0x00007fcf9f426000

Marking Bits: (ParMarkBitMap*) 0x00007fcfa5104d60
 Begin Bits: [0x00007fcf603a0000, 0x00007fcf641d0000)
 End Bits:   [0x00007fcf641d0000, 0x00007fcf68000000)

Polling page: 0x00007fcfa5d55000

CodeCache: size=245760Kb used=5638Kb max_used=5638Kb free=240121Kb
 bounds [0x00007fcf8d000000, 0x00007fcf8d590000, 0x00007fcf9c000000]
 total_blobs=2236 nmethods=1647 adapters=502
 compilation: enabled

Compilation events (10 events):
Event: 7,905 Thread 0x00007fcf9c20c800 nmethod 1635 0x00007fcf8d584590 code [0x00007fcf8d584700, 0x00007fcf8d584810]
Event: 7,905 Thread 0x00007fcf9c20c800 1636       1       com.sun.javafx.geom.transform.BaseTransform::getMyz (2 bytes)
Event: 7,905 Thread 0x00007fcf9c20c800 nmethod 1636 0x00007fcf8d5842d0 code [0x00007fcf8d584420, 0x00007fcf8d584530]
Event: 7,905 Thread 0x00007fcf9c20c800 1637       1       com.sun.javafx.geom.transform.BaseTransform::getMzx (2 bytes)
Event: 7,905 Thread 0x00007fcf9c20c800 nmethod 1637 0x00007fcf8d584010 code [0x00007fcf8d584160, 0x00007fcf8d584270]
Event: 7,905 Thread 0x00007fcf9c20c800 1638       1       com.sun.javafx.geom.transform.BaseTransform::getMzy (2 bytes)
Event: 7,905 Thread 0x00007fcf9c20c800 nmethod 1638 0x00007fcf8d583d50 code [0x00007fcf8d583ea0, 0x00007fcf8d583fb0]
Event: 7,905 Thread 0x00007fcf9c20c800 1639       1       com.sun.javafx.geom.transform.BaseTransform::getMzz (2 bytes)
Event: 7,905 Thread 0x00007fcf9c20c800 nmethod 1639 0x00007fcf8d583a50 code [0x00007fcf8d583bc0, 0x00007fcf8d583cd0]
Event: 7,906 Thread 0x00007fcf9c20c800 1640       1       com.sun.prism.impl.ps.BaseShaderContext$State::access$800 (5 bytes)

GC Heap History (2 events):
Event: 5,373 GC heap before
{Heap before GC invocations=1 (full 0):
 PSYoungGen      total 74752K, used 64512K [0x000000076d180000, 0x0000000772480000, 0x00000007c0000000)
  eden space 64512K, 100% used [0x000000076d180000,0x0000000771080000,0x0000000771080000)
  from space 10240K, 0% used [0x0000000771a80000,0x0000000771a80000,0x0000000772480000)
  to   space 10240K, 0% used [0x0000000771080000,0x0000000771080000,0x0000000771a80000)
 ParOldGen       total 171008K, used 0K [0x00000006c7400000, 0x00000006d1b00000, 0x000000076d180000)
  object space 171008K, 0% used [0x00000006c7400000,0x00000006c7400000,0x00000006d1b00000)
 Metaspace       used 11950K, capacity 12410K, committed 12672K, reserved 1060864K
  class space    used 1651K, capacity 1814K, committed 1920K, reserved 1048576K
Event: 5,380 GC heap after
Heap after GC invocations=1 (full 0):
 PSYoungGen      total 74752K, used 3936K [0x000000076d180000, 0x0000000772480000, 0x00000007c0000000)
  eden space 64512K, 0% used [0x000000076d180000,0x000000076d180000,0x0000000771080000)
  from space 10240K, 38% used [0x0000000771080000,0x0000000771458020,0x0000000771a80000)
  to   space 10240K, 0% used [0x0000000771a80000,0x0000000771a80000,0x0000000772480000)
 ParOldGen       total 171008K, used 16K [0x00000006c7400000, 0x00000006d1b00000, 0x000000076d180000)
  object space 171008K, 0% used [0x00000006c7400000,0x00000006c7404000,0x00000006d1b00000)
 Metaspace       used 11950K, capacity 12410K, committed 12672K, reserved 1060864K
  class space    used 1651K, capacity 1814K, committed 1920K, reserved 1048576K
}

Deoptimization events (10 events):
Event: 4,031 Thread 0x00007fcf9c37c800 Uncommon trap: reason=bimorphic action=maybe_recompile pc=0x00007fcf8d49e2f8 method=java.util.AbstractCollection.isEmpty()Z @ 1
Event: 4,031 Thread 0x00007fcf9c37c800 Uncommon trap: reason=unstable_if action=reinterpret pc=0x00007fcf8d4c33b0 method=com.sun.javafx.geom.RectBounds.equals(Ljava/lang/Object;)Z @ 75
Event: 4,047 Thread 0x00007fcf9c37c800 Uncommon trap: reason=bimorphic action=maybe_recompile pc=0x00007fcf8d49e2f8 method=java.util.AbstractCollection.isEmpty()Z @ 1
Event: 4,047 Thread 0x00007fcf9c37c800 Uncommon trap: reason=bimorphic action=maybe_recompile pc=0x00007fcf8d49e2f8 method=java.util.AbstractCollection.isEmpty()Z @ 1
Event: 6,285 Thread 0x00007fcf9c329800 Uncommon trap: reason=unstable_if action=reinterpret pc=0x00007fcf8d51cc5c method=java.util.concurrent.locks.ReentrantLock$Sync.nonfairTryAcquire(I)Z @ 10
Event: 7,575 Thread 0x00007fcf9c329800 Uncommon trap: reason=unstable_if action=reinterpret pc=0x00007fcf8d40da60 method=java.lang.Math.max(DD)D @ 11
Event: 7,605 Thread 0x00007fcf9c329800 Uncommon trap: reason=unstable_if action=reinterpret pc=0x00007fcf8d458648 method=java.lang.Math.max(FF)F @ 17
Event: 7,616 Thread 0x00007fcf9c37c800 Uncommon trap: reason=unstable_if action=reinterpret pc=0x00007fcf8d549c04 method=com.sun.javafx.sg.prism.NGNode.markDirty()V @ 7
Event: 7,617 Thread 0x00007fcf9c329800 Uncommon trap: reason=unstable_if action=reinterpret pc=0x00007fcf8d4c5b98 method=com.sun.javafx.geom.RectBounds.deriveWithNewBounds(FFFFFF)Lcom/sun/javafx/geom/BaseBounds; @ 29
Event: 7,618 Thread 0x00007fcf9c329800 Uncommon trap: reason=unstable_if action=reinterpret pc=0x00007fcf8d545978 method=com.sun.prism.paint.Color.isOpaque()Z @ 6

Internal exceptions (10 events):
Event: 0,042 Thread 0x00007fcf9c007800 Exception <a 'java/lang/NoSuchMethodError': Method sun.misc.Unsafe.prefetchRead(Ljava/lang/Object;J)V name or signature does not match> (0x000000076d187fa8) thrown at [/HUDSON/workspace/8-2-build-linux-amd64/jdk8u91/6644/hotspot/src/share/vm/prims/jni.cpp
Event: 0,098 Thread 0x00007fcf9c007800 Exception <a 'java/lang/NoSuchFieldError': method resolution failed> (0x000000076d435068) thrown at [/HUDSON/workspace/8-2-build-linux-amd64/jdk8u91/6644/hotspot/src/share/vm/prims/methodHandles.cpp, line 1146]
Event: 0,099 Thread 0x00007fcf9c007800 Exception <a 'java/lang/NoSuchFieldError': method resolution failed> (0x000000076d4423e8) thrown at [/HUDSON/workspace/8-2-build-linux-amd64/jdk8u91/6644/hotspot/src/share/vm/prims/methodHandles.cpp, line 1146]
Event: 0,109 Thread 0x00007fcf9c007800 Exception <a 'java/security/PrivilegedActionException'> (0x000000076d4cc030) thrown at [/HUDSON/workspace/8-2-build-linux-amd64/jdk8u91/6644/hotspot/src/share/vm/prims/jvm.cpp, line 1386]
Event: 0,109 Thread 0x00007fcf9c007800 Exception <a 'java/security/PrivilegedActionException'> (0x000000076d4cc240) thrown at [/HUDSON/workspace/8-2-build-linux-amd64/jdk8u91/6644/hotspot/src/share/vm/prims/jvm.cpp, line 1386]
Event: 0,110 Thread 0x00007fcf9c007800 Exception <a 'java/security/PrivilegedActionException'> (0x000000076d4ce680) thrown at [/HUDSON/workspace/8-2-build-linux-amd64/jdk8u91/6644/hotspot/src/share/vm/prims/jvm.cpp, line 1386]
Event: 0,110 Thread 0x00007fcf9c007800 Exception <a 'java/security/PrivilegedActionException'> (0x000000076d4ce890) thrown at [/HUDSON/workspace/8-2-build-linux-amd64/jdk8u91/6644/hotspot/src/share/vm/prims/jvm.cpp, line 1386]
Event: 0,110 Thread 0x00007fcf9c007800 Exception <a 'java/lang/NullPointerException'> (0x000000076d4cee68) thrown at [/HUDSON/workspace/8-2-build-linux-amd64/jdk8u91/6644/hotspot/src/share/vm/interpreter/linkResolver.cpp, line 1178]
Event: 0,222 Thread 0x00007fcf9c37c800 Exception <a 'java/lang/NullPointerException'> (0x000000076de812b8) thrown at [/HUDSON/workspace/8-2-build-linux-amd64/jdk8u91/6644/hotspot/src/share/vm/interpreter/linkResolver.cpp, line 1178]
Event: 0,222 Thread 0x00007fcf9c37c800 Exception <a 'java/lang/NullPointerException'> (0x000000076de812b8) thrown at [/HUDSON/workspace/8-2-build-linux-amd64/jdk8u91/6644/hotspot/src/share/vm/prims/jvm.cpp, line 1390]

Events (10 events):
Event: 7,617 loading class com/sun/javafx/sg/prism/NGPerspectiveCamera
Event: 7,617 loading class com/sun/javafx/sg/prism/NGPerspectiveCamera done
Event: 7,617 loading class com/sun/javafx/geom/transform/TransformHelper
Event: 7,617 loading class com/sun/javafx/geom/transform/TransformHelper done
Event: 7,617 Thread 0x00007fcf9c329800 Uncommon trap: trap_request=0xffffff65 fr.pc=0x00007fcf8d4c5b98
Event: 7,617 Thread 0x00007fcf9c329800 DEOPT PACKING pc=0x00007fcf8d4c5b98 sp=0x00007fcf73114780
Event: 7,617 Thread 0x00007fcf9c329800 DEOPT UNPACKING pc=0x00007fcf8d005229 sp=0x00007fcf73114758 mode 2
Event: 7,618 Thread 0x00007fcf9c329800 Uncommon trap: trap_request=0xffffff65 fr.pc=0x00007fcf8d545978
Event: 7,618 Thread 0x00007fcf9c329800 DEOPT PACKING pc=0x00007fcf8d545978 sp=0x00007fcf73114250
Event: 7,618 Thread 0x00007fcf9c329800 DEOPT UNPACKING pc=0x00007fcf8d005229 sp=0x00007fcf73114208 mode 2


Dynamic libraries:
00400000-00401000 r-xp 00000000 08:01 867139                             /usr/lib/jvm/java-8-oracle/jre/bin/java
00600000-00601000 rw-p 00000000 08:01 867139                             /usr/lib/jvm/java-8-oracle/jre/bin/java
01913000-01934000 rw-p 00000000 00:00 0                                  [heap]
6c7400000-6d1b00000 rw-p 00000000 00:00 0 
6d1b00000-76d180000 ---p 00000000 00:00 0 
76d180000-772480000 rw-p 00000000 00:00 0 
772480000-7c0000000 ---p 00000000 00:00 0 
7c0000000-7c01e0000 rw-p 00000000 00:00 0 
7c01e0000-800000000 ---p 00000000 00:00 0 
7fcf18000000-7fcf18021000 rw-p 00000000 00:00 0 
7fcf18021000-7fcf1c000000 ---p 00000000 00:00 0 
7fcf20000000-7fcf20275000 rw-p 00000000 00:00 0 
7fcf20275000-7fcf24000000 ---p 00000000 00:00 0 
7fcf24000000-7fcf24021000 rw-p 00000000 00:00 0 
7fcf24021000-7fcf28000000 ---p 00000000 00:00 0 
7fcf28000000-7fcf28021000 rw-p 00000000 00:00 0 
7fcf28021000-7fcf2c000000 ---p 00000000 00:00 0 
7fcf2c0a9000-7fcf2c109000 rw-s 00000000 00:05 108775                     /drm mm object (deleted)
7fcf2c109000-7fcf2c117000 rw-s 00000000 00:05 108773                     /drm mm object (deleted)
7fcf2c117000-7fcf2c127000 rw-s 00000000 00:05 108772                     /drm mm object (deleted)
7fcf2c127000-7fcf2c12f000 rw-s 00000000 00:05 107203                     /drm mm object (deleted)
7fcf2c12f000-7fcf2c2ef000 rw-s 103c0d000 00:06 403                       /dev/dri/card0
7fcf2c2ef000-7fcf2c2ff000 rw-s 00000000 00:05 107201                     /drm mm object (deleted)
7fcf2c2ff000-7fcf2c30b000 rw-s 00000000 00:05 111191                     /drm mm object (deleted)
7fcf2c30b000-7fcf2c40b000 rw-p 00000000 00:00 0 
7fcf2c40b000-7fcf2c50b000 ---p 00000000 00:00 0 
7fcf2c50b000-7fcf2c50e000 ---p 00000000 00:00 0 
7fcf2c50e000-7fcf2c60c000 rw-p 00000000 00:00 0 
7fcf2c60c000-7fcf2c6c5000 r--p 00000000 08:01 1442764                    /usr/share/fonts/truetype/dejavu/DejaVuSans.ttf
7fcf2c6c5000-7fcf2c6d9000 r--p 00000000 08:01 867193                     /usr/lib/jvm/java-8-oracle/jre/lib/fonts/LucidaBrightItalic.ttf
7fcf2c6d9000-7fcf2c727000 r--p 00000000 08:01 867196                     /usr/lib/jvm/java-8-oracle/jre/lib/fonts/LucidaSansDemiBold.ttf
7fcf2c727000-7fcf2c73a000 r--p 00000000 08:01 867201                     /usr/lib/jvm/java-8-oracle/jre/lib/fonts/LucidaBrightDemiBold.ttf
7fcf2c73a000-7fcf2c774000 r--p 00000000 08:01 867200                     /usr/lib/jvm/java-8-oracle/jre/lib/fonts/LucidaTypewriterBold.ttf
7fcf2c774000-7fcf2c7c9000 r--p 00000000 08:01 867195                     /usr/lib/jvm/java-8-oracle/jre/lib/fonts/LucidaBrightRegular.ttf
7fcf2c7c9000-7fcf2c874000 r--p 00000000 08:01 867194                     /usr/lib/jvm/java-8-oracle/jre/lib/fonts/LucidaSansRegular.ttf
7fcf2c874000-7fcf2c887000 r--p 00000000 08:01 867198                     /usr/lib/jvm/java-8-oracle/jre/lib/fonts/LucidaBrightDemiItalic.ttf
7fcf2c887000-7fcf2c8c3000 r--p 00000000 08:01 867199                     /usr/lib/jvm/java-8-oracle/jre/lib/fonts/LucidaTypewriterRegular.ttf
7fcf2c8c3000-7fcf2c8c7000 r-xp 00000000 08:01 867333                     /usr/lib/jvm/java-8-oracle/jre/lib/amd64/libjavafx_font_pango.so
7fcf2c8c7000-7fcf2cac6000 ---p 00004000 08:01 867333                     /usr/lib/jvm/java-8-oracle/jre/lib/amd64/libjavafx_font_pango.so
7fcf2cac6000-7fcf2cac7000 rw-p 00003000 08:01 867333                     /usr/lib/jvm/java-8-oracle/jre/lib/amd64/libjavafx_font_pango.so
7fcf2cac7000-7fcf2cad1000 r-xp 00000000 08:01 920038                     /usr/lib/x86_64-linux-gnu/gtk-2.0/2.10.0/engines/libpixmap.so
7fcf2cad1000-7fcf2ccd0000 ---p 0000a000 08:01 920038                     /usr/lib/x86_64-linux-gnu/gtk-2.0/2.10.0/engines/libpixmap.so
7fcf2ccd0000-7fcf2ccd1000 r--p 00009000 08:01 920038                     /usr/lib/x86_64-linux-gnu/gtk-2.0/2.10.0/engines/libpixmap.so
7fcf2ccd1000-7fcf2ccd2000 rw-p 0000a000 08:01 920038                     /usr/lib/x86_64-linux-gnu/gtk-2.0/2.10.0/engines/libpixmap.so
7fcf2ccd2000-7fcf2cd02000 r-xp 00000000 08:01 918968                     /usr/lib/x86_64-linux-gnu/gtk-2.0/2.10.0/engines/libmurrine.so
7fcf2cd02000-7fcf2cf02000 ---p 00030000 08:01 918968                     /usr/lib/x86_64-linux-gnu/gtk-2.0/2.10.0/engines/libmurrine.so
7fcf2cf02000-7fcf2cf03000 r--p 00030000 08:01 918968                     /usr/lib/x86_64-linux-gnu/gtk-2.0/2.10.0/engines/libmurrine.so
7fcf2cf03000-7fcf2cf04000 rw-p 00031000 08:01 918968                     /usr/lib/x86_64-linux-gnu/gtk-2.0/2.10.0/engines/libmurrine.so
7fcf2cf04000-7fcf2d104000 rw-p 00000000 00:00 0 
7fcf2d104000-7fcf2d109000 r-xp 00000000 08:01 867336                     /usr/lib/jvm/java-8-oracle/jre/lib/amd64/libjavafx_font_freetype.so
7fcf2d109000-7fcf2d308000 ---p 00005000 08:01 867336                     /usr/lib/jvm/java-8-oracle/jre/lib/amd64/libjavafx_font_freetype.so
7fcf2d308000-7fcf2d309000 rw-p 00004000 08:01 867336                     /usr/lib/jvm/java-8-oracle/jre/lib/amd64/libjavafx_font_freetype.so
7fcf2d309000-7fcf2d30c000 r-xp 00000000 08:01 867374                     /usr/lib/jvm/java-8-oracle/jre/lib/amd64/libjavafx_font.so
7fcf2d30c000-7fcf2d50b000 ---p 00003000 08:01 867374                     /usr/lib/jvm/java-8-oracle/jre/lib/amd64/libjavafx_font.so
7fcf2d50b000-7fcf2d50c000 rw-p 00002000 08:01 867374                     /usr/lib/jvm/java-8-oracle/jre/lib/amd64/libjavafx_font.so
7fcf2d50c000-7fcf2d50f000 ---p 00000000 00:00 0 
7fcf2d50f000-7fcf2d60d000 rw-p 00000000 00:00 0 
7fcf2d60d000-7fcf2d610000 ---p 00000000 00:00 0 
7fcf2d610000-7fcf2d70e000 rw-p 00000000 00:00 0 
7fcf2d70e000-7fcf2d737000 r-xp 00000000 08:01 867350                     /usr/lib/jvm/java-8-oracle/jre/lib/amd64/libglass.so
7fcf2d737000-7fcf2d936000 ---p 00029000 08:01 867350                     /usr/lib/jvm/java-8-oracle/jre/lib/amd64/libglass.so
7fcf2d936000-7fcf2d939000 rw-p 00028000 08:01 867350                     /usr/lib/jvm/java-8-oracle/jre/lib/amd64/libglass.so
7fcf2d939000-7fcf2d970000 r-xp 00000000 08:01 797605                     /usr/lib/x86_64-linux-gnu/libtxc_dxtn_s2tc.so.0.0.0
7fcf2d970000-7fcf2db6f000 ---p 00037000 08:01 797605                     /usr/lib/x86_64-linux-gnu/libtxc_dxtn_s2tc.so.0.0.0
7fcf2db6f000-7fcf2db70000 r--p 00036000 08:01 797605                     /usr/lib/x86_64-linux-gnu/libtxc_dxtn_s2tc.so.0.0.0
7fcf2db70000-7fcf2db71000 rw-p 00037000 08:01 797605                     /usr/lib/x86_64-linux-gnu/libtxc_dxtn_s2tc.so.0.0.0
7fcf2db71000-7fcf2db79000 r-xp 00000000 08:01 797383                     /usr/lib/x86_64-linux-gnu/libpciaccess.so.0.11.1
7fcf2db79000-7fcf2dd79000 ---p 00008000 08:01 797383                     /usr/lib/x86_64-linux-gnu/libpciaccess.so.0.11.1
7fcf2dd79000-7fcf2dd7a000 r--p 00008000 08:01 797383                     /usr/lib/x86_64-linux-gnu/libpciaccess.so.0.11.1
7fcf2dd7a000-7fcf2dd7b000 rw-p 00009000 08:01 797383                     /usr/lib/x86_64-linux-gnu/libpciaccess.so.0.11.1
7fcf2dd7b000-7fcf2dd86000 r-xp 00000000 08:01 787702                     /usr/lib/x86_64-linux-gnu/libdrm_radeon.so.1.0.1
7fcf2dd86000-7fcf2df85000 ---p 0000b000 08:01 787702                     /usr/lib/x86_64-linux-gnu/libdrm_radeon.so.1.0.1
7fcf2df85000-7fcf2df86000 r--p 0000a000 08:01 787702                     /usr/lib/x86_64-linux-gnu/libdrm_radeon.so.1.0.1
7fcf2df86000-7fcf2df87000 rw-p 0000b000 08:01 787702                     /usr/lib/x86_64-linux-gnu/libdrm_radeon.so.1.0.1
7fcf2df87000-7fcf2df8e000 r-xp 00000000 08:01 787704                     /usr/lib/x86_64-linux-gnu/libdrm_nouveau.so.2.0.0
7fcf2df8e000-7fcf2e18d000 ---p 00007000 08:01 787704                     /usr/lib/x86_64-linux-gnu/libdrm_nouveau.so.2.0.0
7fcf2e18d000-7fcf2e18e000 r--p 00006000 08:01 787704                     /usr/lib/x86_64-linux-gnu/libdrm_nouveau.so.2.0.0
7fcf2e18e000-7fcf2e18f000 rw-p 00007000 08:01 787704                     /usr/lib/x86_64-linux-gnu/libdrm_nouveau.so.2.0.0
7fcf2e18f000-7fcf2e1b1000 r-xp 00000000 08:01 787086                     /usr/lib/x86_64-linux-gnu/libdrm_intel.so.1.0.0
7fcf2e1b1000-7fcf2e3b1000 ---p 00022000 08:01 787086                     /usr/lib/x86_64-linux-gnu/libdrm_intel.so.1.0.0
7fcf2e3b1000-7fcf2e3b2000 r--p 00022000 08:01 787086                     /usr/lib/x86_64-linux-gnu/libdrm_intel.so.1.0.0
7fcf2e3b2000-7fcf2e3b3000 rw-p 00023000 08:01 787086                     /usr/lib/x86_64-linux-gnu/libdrm_intel.so.1.0.0
7fcf2e3b3000-7fcf2ebe0000 r-xp 00000000 08:01 917771                     /usr/lib/x86_64-linux-gnu/dri/i965_dri.so
7fcf2ebe0000-7fcf2ede0000 ---p 0082d000 08:01 917771                     /usr/lib/x86_64-linux-gnu/dri/i965_dri.so
7fcf2ede0000-7fcf2ee30000 r--p 0082d000 08:01 917771                     /usr/lib/x86_64-linux-gnu/dri/i965_dri.so
7fcf2ee30000-7fcf2ee39000 rw-p 0087d000 08:01 917771                     /usr/lib/x86_64-linux-gnu/dri/i965_dri.so
7fcf2ee39000-7fcf2eea0000 rw-p 00000000 00:00 0 
7fcf2eea0000-7fcf2eea6000 r-xp 00000000 08:01 796754                     /usr/lib/x86_64-linux-gnu/libdatrie.so.1.3.3
7fcf2eea6000-7fcf2f0a6000 ---p 00006000 08:01 796754                     /usr/lib/x86_64-linux-gnu/libdatrie.so.1.3.3
7fcf2f0a6000-7fcf2f0a7000 r--p 00006000 08:01 796754                     /usr/lib/x86_64-linux-gnu/libdatrie.so.1.3.3
7fcf2f0a7000-7fcf2f0a8000 rw-p 00007000 08:01 796754                     /usr/lib/x86_64-linux-gnu/libdatrie.so.1.3.3
7fcf2f0a8000-7fcf2f0ad000 r-xp 00000000 08:01 796518                     /usr/lib/x86_64-linux-gnu/libXdmcp.so.6.0.0
7fcf2f0ad000-7fcf2f2ac000 ---p 00005000 08:01 796518                     /usr/lib/x86_64-linux-gnu/libXdmcp.so.6.0.0
7fcf2f2ac000-7fcf2f2ad000 r--p 00004000 08:01 796518                     /usr/lib/x86_64-linux-gnu/libXdmcp.so.6.0.0
7fcf2f2ad000-7fcf2f2ae000 rw-p 00005000 08:01 796518                     /usr/lib/x86_64-linux-gnu/libXdmcp.so.6.0.0
7fcf2f2ae000-7fcf2f2b0000 r-xp 00000000 08:01 796507                     /usr/lib/x86_64-linux-gnu/libXau.so.6.0.0
7fcf2f2b0000-7fcf2f4b0000 ---p 00002000 08:01 796507                     /usr/lib/x86_64-linux-gnu/libXau.so.6.0.0
7fcf2f4b0000-7fcf2f4b1000 r--p 00002000 08:01 796507                     /usr/lib/x86_64-linux-gnu/libXau.so.6.0.0
7fcf2f4b1000-7fcf2f4b2000 rw-p 00003000 08:01 796507                     /usr/lib/x86_64-linux-gnu/libXau.so.6.0.0
7fcf2f4b2000-7fcf2f4d6000 r-xp 00000000 08:01 794618                     /usr/lib/x86_64-linux-gnu/libgraphite2.so.3.0.1
7fcf2f4d6000-7fcf2f6d5000 ---p 00024000 08:01 794618                     /usr/lib/x86_64-linux-gnu/libgraphite2.so.3.0.1
7fcf2f6d5000-7fcf2f6d7000 r--p 00023000 08:01 794618                     /usr/lib/x86_64-linux-gnu/libgraphite2.so.3.0.1
7fcf2f6d7000-7fcf2f6d8000 rw-p 00025000 08:01 794618                     /usr/lib/x86_64-linux-gnu/libgraphite2.so.3.0.1
7fcf2f6d8000-7fcf2f6e8000 r-xp 00000000 08:01 787707                     /usr/lib/x86_64-linux-gnu/libdrm.so.2.4.0
7fcf2f6e8000-7fcf2f8e7000 ---p 00010000 08:01 787707                     /usr/lib/x86_64-linux-gnu/libdrm.so.2.4.0
7fcf2f8e7000-7fcf2f8e8000 r--p 0000f000 08:01 787707                     /usr/lib/x86_64-linux-gnu/libdrm.so.2.4.0
7fcf2f8e8000-7fcf2f8e9000 rw-p 00010000 08:01 787707                     /usr/lib/x86_64-linux-gnu/libdrm.so.2.4.0
7fcf2f8e9000-7fcf2f8ed000 r-xp 00000000 08:01 797707                     /usr/lib/x86_64-linux-gnu/libxcb-dri2.so.0.0.0
7fcf2f8ed000-7fcf2faec000 ---p 00004000 08:01 797707                     /usr/lib/x86_64-linux-gnu/libxcb-dri2.so.0.0.0
7fcf2faec000-7fcf2faed000 r--p 00003000 08:01 797707                     /usr/lib/x86_64-linux-gnu/libxcb-dri2.so.0.0.0
7fcf2faed000-7fcf2faee000 rw-p 00004000 08:01 797707                     /usr/lib/x86_64-linux-gnu/libxcb-dri2.so.0.0.0
7fcf2faee000-7fcf2fb05000 r-xp 00000000 08:01 797711                     /usr/lib/x86_64-linux-gnu/libxcb-glx.so.0.0.0
7fcf2fb05000-7fcf2fd04000 ---p 00017000 08:01 797711                     /usr/lib/x86_64-linux-gnu/libxcb-glx.so.0.0.0
7fcf2fd04000-7fcf2fd06000 r--p 00016000 08:01 797711                     /usr/lib/x86_64-linux-gnu/libxcb-glx.so.0.0.0
7fcf2fd06000-7fcf2fd07000 rw-p 00018000 08:01 797711                     /usr/lib/x86_64-linux-gnu/libxcb-glx.so.0.0.0
7fcf2fd07000-7fcf2fd08000 r-xp 00000000 08:01 789343                     /usr/lib/x86_64-linux-gnu/libX11-xcb.so.1.0.0
7fcf2fd08000-7fcf2ff07000 ---p 00001000 08:01 789343                     /usr/lib/x86_64-linux-gnu/libX11-xcb.so.1.0.0
7fcf2ff07000-7fcf2ff08000 r--p 00000000 08:01 789343                     /usr/lib/x86_64-linux-gnu/libX11-xcb.so.1.0.0
7fcf2ff08000-7fcf2ff09000 rw-p 00001000 08:01 789343                     /usr/lib/x86_64-linux-gnu/libX11-xcb.so.1.0.0
7fcf2ff09000-7fcf2ff34000 r-xp 00000000 08:01 788479                     /usr/lib/x86_64-linux-gnu/libglapi.so.0.0.0
7fcf2ff34000-7fcf30133000 ---p 0002b000 08:01 788479                     /usr/lib/x86_64-linux-gnu/libglapi.so.0.0.0
7fcf30133000-7fcf30137000 r--p 0002a000 08:01 788479                     /usr/lib/x86_64-linux-gnu/libglapi.so.0.0.0
7fcf30137000-7fcf30138000 rw-p 0002e000 08:01 788479                     /usr/lib/x86_64-linux-gnu/libglapi.so.0.0.0
7fcf30138000-7fcf30139000 rw-p 00000000 00:00 0 
7fcf30139000-7fcf3013a000 r-xp 00000000 08:01 797758                     /usr/lib/x86_64-linux-gnu/libxshmfence.so.1.0.0
7fcf3013a000-7fcf3033a000 ---p 00001000 08:01 797758                     /usr/lib/x86_64-linux-gnu/libxshmfence.so.1.0.0
7fcf3033a000-7fcf3033b000 r--p 00001000 08:01 797758                     /usr/lib/x86_64-linux-gnu/libxshmfence.so.1.0.0
7fcf3033b000-7fcf3033c000 rw-p 00002000 08:01 797758                     /usr/lib/x86_64-linux-gnu/libxshmfence.so.1.0.0
7fcf3033c000-7fcf30341000 r-xp 00000000 08:01 797721                     /usr/lib/x86_64-linux-gnu/libxcb-sync.so.1.0.0
7fcf30341000-7fcf30541000 ---p 00005000 08:01 797721                     /usr/lib/x86_64-linux-gnu/libxcb-sync.so.1.0.0
7fcf30541000-7fcf30542000 r--p 00005000 08:01 797721                     /usr/lib/x86_64-linux-gnu/libxcb-sync.so.1.0.0
7fcf30542000-7fcf30543000 rw-p 00006000 08:01 797721                     /usr/lib/x86_64-linux-gnu/libxcb-sync.so.1.0.0
7fcf30543000-7fcf30545000 r-xp 00000000 08:01 797713                     /usr/lib/x86_64-linux-gnu/libxcb-present.so.0.0.0
7fcf30545000-7fcf30744000 ---p 00002000 08:01 797713                     /usr/lib/x86_64-linux-gnu/libxcb-present.so.0.0.0
7fcf30744000-7fcf30745000 r--p 00001000 08:01 797713                     /usr/lib/x86_64-linux-gnu/libxcb-present.so.0.0.0
7fcf30745000-7fcf30746000 rw-p 00002000 08:01 797713                     /usr/lib/x86_64-linux-gnu/libxcb-present.so.0.0.0
7fcf30746000-7fcf30748000 r-xp 00000000 08:01 797709                     /usr/lib/x86_64-linux-gnu/libxcb-dri3.so.0.0.0
7fcf30748000-7fcf30947000 ---p 00002000 08:01 797709                     /usr/lib/x86_64-linux-gnu/libxcb-dri3.so.0.0.0
7fcf30947000-7fcf30948000 r--p 00001000 08:01 797709                     /usr/lib/x86_64-linux-gnu/libxcb-dri3.so.0.0.0
7fcf30948000-7fcf30949000 rw-p 00002000 08:01 797709                     /usr/lib/x86_64-linux-gnu/libxcb-dri3.so.0.0.0
7fcf30949000-7fcf309b7000 r-xp 00000000 08:01 1578163                    /lib/x86_64-linux-gnu/libpcre.so.3.13.2
7fcf309b7000-7fcf30bb7000 ---p 0006e000 08:01 1578163                    /lib/x86_64-linux-gnu/libpcre.so.3.13.2
7fcf30bb7000-7fcf30bb8000 r--p 0006e000 08:01 1578163                    /lib/x86_64-linux-gnu/libpcre.so.3.13.2
7fcf30bb8000-7fcf30bb9000 rw-p 0006f000 08:01 1578163                    /lib/x86_64-linux-gnu/libpcre.so.3.13.2
7fcf30bb9000-7fcf30bc0000 r-xp 00000000 08:01 796859                     /usr/lib/x86_64-linux-gnu/libffi.so.6.0.4
7fcf30bc0000-7fcf30dbf000 ---p 00007000 08:01 796859                     /usr/lib/x86_64-linux-gnu/libffi.so.6.0.4
7fcf30dbf000-7fcf30dc0000 r--p 00006000 08:01 796859                     /usr/lib/x86_64-linux-gnu/libffi.so.6.0.4
7fcf30dc0000-7fcf30dc1000 rw-p 00007000 08:01 796859                     /usr/lib/x86_64-linux-gnu/libffi.so.6.0.4
7fcf30dc1000-7fcf30de7000 r-xp 00000000 08:01 1573350                    /lib/x86_64-linux-gnu/libexpat.so.1.6.0
7fcf30de7000-7fcf30fe7000 ---p 00026000 08:01 1573350                    /lib/x86_64-linux-gnu/libexpat.so.1.6.0
7fcf30fe7000-7fcf30fe9000 r--p 00026000 08:01 1573350                    /lib/x86_64-linux-gnu/libexpat.so.1.6.0
7fcf30fe9000-7fcf30fea000 rw-p 00028000 08:01 1573350                    /lib/x86_64-linux-gnu/libexpat.so.1.6.0
7fcf30fea000-7fcf30ff2000 r-xp 00000000 08:01 797579                     /usr/lib/x86_64-linux-gnu/libthai.so.0.2.4
7fcf30ff2000-7fcf311f1000 ---p 00008000 08:01 797579                     /usr/lib/x86_64-linux-gnu/libthai.so.0.2.4
7fcf311f1000-7fcf311f2000 r--p 00007000 08:01 797579                     /usr/lib/x86_64-linux-gnu/libthai.so.0.2.4
7fcf311f2000-7fcf311f3000 rw-p 00008000 08:01 797579                     /usr/lib/x86_64-linux-gnu/libthai.so.0.2.4
7fcf311f3000-7fcf31214000 r-xp 00000000 08:01 797727                     /usr/lib/x86_64-linux-gnu/libxcb.so.1.1.0
7fcf31214000-7fcf31413000 ---p 00021000 08:01 797727                     /usr/lib/x86_64-linux-gnu/libxcb.so.1.1.0
7fcf31413000-7fcf31414000 r--p 00020000 08:01 797727                     /usr/lib/x86_64-linux-gnu/libxcb.so.1.1.0
7fcf31414000-7fcf31415000 rw-p 00021000 08:01 797727                     /usr/lib/x86_64-linux-gnu/libxcb.so.1.1.0
7fcf31415000-7fcf3141d000 r-xp 00000000 08:01 797715                     /usr/lib/x86_64-linux-gnu/libxcb-render.so.0.0.0
7fcf3141d000-7fcf3161d000 ---p 00008000 08:01 797715                     /usr/lib/x86_64-linux-gnu/libxcb-render.so.0.0.0
7fcf3161d000-7fcf3161e000 r--p 00008000 08:01 797715                     /usr/lib/x86_64-linux-gnu/libxcb-render.so.0.0.0
7fcf3161e000-7fcf3161f000 rw-p 00009000 08:01 797715                     /usr/lib/x86_64-linux-gnu/libxcb-render.so.0.0.0
7fcf3161f000-7fcf31621000 r-xp 00000000 08:01 797719                     /usr/lib/x86_64-linux-gnu/libxcb-shm.so.0.0.0
7fcf31621000-7fcf31821000 ---p 00002000 08:01 797719                     /usr/lib/x86_64-linux-gnu/libxcb-shm.so.0.0.0
7fcf31821000-7fcf31822000 r--p 00002000 08:01 797719                     /usr/lib/x86_64-linux-gnu/libxcb-shm.so.0.0.0
7fcf31822000-7fcf31823000 rw-p 00003000 08:01 797719                     /usr/lib/x86_64-linux-gnu/libxcb-shm.so.0.0.0
7fcf31823000-7fcf31847000 r-xp 00000000 08:01 1572903                    /lib/x86_64-linux-gnu/libpng12.so.0.54.0
7fcf31847000-7fcf31a46000 ---p 00024000 08:01 1572903                    /lib/x86_64-linux-gnu/libpng12.so.0.54.0
7fcf31a46000-7fcf31a47000 r--p 00023000 08:01 1572903                    /lib/x86_64-linux-gnu/libpng12.so.0.54.0
7fcf31a47000-7fcf31a48000 rw-p 00024000 08:01 1572903                    /lib/x86_64-linux-gnu/libpng12.so.0.54.0
7fcf31a48000-7fcf31ae7000 r-xp 00000000 08:01 797391                     /usr/lib/x86_64-linux-gnu/libpixman-1.so.0.33.6
7fcf31ae7000-7fcf31ce7000 ---p 0009f000 08:01 797391                     /usr/lib/x86_64-linux-gnu/libpixman-1.so.0.33.6
7fcf31ce7000-7fcf31cef000 r--p 0009f000 08:01 797391                     /usr/lib/x86_64-linux-gnu/libpixman-1.so.0.33.6
7fcf31cef000-7fcf31cf0000 rw-p 000a7000 08:01 797391                     /usr/lib/x86_64-linux-gnu/libpixman-1.so.0.33.6
7fcf31cf0000-7fcf31d4c000 r-xp 00000000 08:01 791139                     /usr/lib/x86_64-linux-gnu/libharfbuzz.so.0.10000.1
7fcf31d4c000-7fcf31f4c000 ---p 0005c000 08:01 791139                     /usr/lib/x86_64-linux-gnu/libharfbuzz.so.0.10000.1
7fcf31f4c000-7fcf31f4d000 r--p 0005c000 08:01 791139                     /usr/lib/x86_64-linux-gnu/libharfbuzz.so.0.10000.1
7fcf31f4d000-7fcf31f4e000 rw-p 0005d000 08:01 791139                     /usr/lib/x86_64-linux-gnu/libharfbuzz.so.0.10000.1
7fcf31f4e000-7fcf31f65000 r-xp 00000000 08:01 1576328                    /lib/x86_64-linux-gnu/libresolv-2.23.so
7fcf31f65000-7fcf32165000 ---p 00017000 08:01 1576328                    /lib/x86_64-linux-gnu/libresolv-2.23.so
7fcf32165000-7fcf32166000 r--p 00017000 08:01 1576328                    /lib/x86_64-linux-gnu/libresolv-2.23.so
7fcf32166000-7fcf32167000 rw-p 00018000 08:01 1576328                    /lib/x86_64-linux-gnu/libresolv-2.23.so
7fcf32167000-7fcf32169000 rw-p 00000000 00:00 0 
7fcf32169000-7fcf32188000 r-xp 00000000 08:01 1578192                    /lib/x86_64-linux-gnu/libselinux.so.1
7fcf32188000-7fcf32387000 ---p 0001f000 08:01 1578192                    /lib/x86_64-linux-gnu/libselinux.so.1
7fcf32387000-7fcf32388000 r--p 0001e000 08:01 1578192                    /lib/x86_64-linux-gnu/libselinux.so.1
7fcf32388000-7fcf32389000 rw-p 0001f000 08:01 1578192                    /lib/x86_64-linux-gnu/libselinux.so.1
7fcf32389000-7fcf3238b000 rw-p 00000000 00:00 0 
7fcf3238b000-7fcf323a4000 r-xp 00000000 08:01 1578225                    /lib/x86_64-linux-gnu/libz.so.1.2.8
7fcf323a4000-7fcf325a3000 ---p 00019000 08:01 1578225                    /lib/x86_64-linux-gnu/libz.so.1.2.8
7fcf325a3000-7fcf325a4000 r--p 00018000 08:01 1578225                    /lib/x86_64-linux-gnu/libz.so.1.2.8
7fcf325a4000-7fcf325a5000 rw-p 00019000 08:01 1578225                    /lib/x86_64-linux-gnu/libz.so.1.2.8
7fcf325a5000-7fcf325b6000 r-xp 00000000 08:01 796520                     /usr/lib/x86_64-linux-gnu/libXext.so.6.4.0
7fcf325b6000-7fcf327b5000 ---p 00011000 08:01 796520                     /usr/lib/x86_64-linux-gnu/libXext.so.6.4.0
7fcf327b5000-7fcf327b6000 r--p 00010000 08:01 796520                     /usr/lib/x86_64-linux-gnu/libXext.so.6.4.0
7fcf327b6000-7fcf327b7000 rw-p 00011000 08:01 796520                     /usr/lib/x86_64-linux-gnu/libXext.so.6.4.0
7fcf327b7000-7fcf327b9000 r-xp 00000000 08:01 796516                     /usr/lib/x86_64-linux-gnu/libXdamage.so.1.1.0
7fcf327b9000-7fcf329b8000 ---p 00002000 08:01 796516                     /usr/lib/x86_64-linux-gnu/libXdamage.so.1.1.0
7fcf329b8000-7fcf329b9000 r--p 00001000 08:01 796516                     /usr/lib/x86_64-linux-gnu/libXdamage.so.1.1.0
7fcf329b9000-7fcf329ba000 rw-p 00002000 08:01 796516                     /usr/lib/x86_64-linux-gnu/libXdamage.so.1.1.0
7fcf329ba000-7fcf329bc000 r-xp 00000000 08:01 796512                     /usr/lib/x86_64-linux-gnu/libXcomposite.so.1.0.0
7fcf329bc000-7fcf32bbb000 ---p 00002000 08:01 796512                     /usr/lib/x86_64-linux-gnu/libXcomposite.so.1.0.0
7fcf32bbb000-7fcf32bbc000 r--p 00001000 08:01 796512                     /usr/lib/x86_64-linux-gnu/libXcomposite.so.1.0.0
7fcf32bbc000-7fcf32bbd000 rw-p 00002000 08:01 796512                     /usr/lib/x86_64-linux-gnu/libXcomposite.so.1.0.0
7fcf32bbd000-7fcf32bc6000 r-xp 00000000 08:01 789347                     /usr/lib/x86_64-linux-gnu/libXcursor.so.1.0.2
7fcf32bc6000-7fcf32dc5000 ---p 00009000 08:01 789347                     /usr/lib/x86_64-linux-gnu/libXcursor.so.1.0.2
7fcf32dc5000-7fcf32dc6000 r--p 00008000 08:01 789347                     /usr/lib/x86_64-linux-gnu/libXcursor.so.1.0.2
7fcf32dc6000-7fcf32dc7000 rw-p 00009000 08:01 789347                     /usr/lib/x86_64-linux-gnu/libXcursor.so.1.0.2
7fcf32dc7000-7fcf32dd1000 r-xp 00000000 08:01 796538                     /usr/lib/x86_64-linux-gnu/libXrandr.so.2.2.0
7fcf32dd1000-7fcf32fd0000 ---p 0000a000 08:01 796538                     /usr/lib/x86_64-linux-gnu/libXrandr.so.2.2.0
7fcf32fd0000-7fcf32fd1000 r--p 00009000 08:01 796538                     /usr/lib/x86_64-linux-gnu/libXrandr.so.2.2.0
7fcf32fd1000-7fcf32fd2000 rw-p 0000a000 08:01 796538                     /usr/lib/x86_64-linux-gnu/libXrandr.so.2.2.0
7fcf32fd2000-7fcf32fe1000 r-xp 00000000 08:01 796528                     /usr/lib/x86_64-linux-gnu/libXi.so.6.1.0
7fcf32fe1000-7fcf331e0000 ---p 0000f000 08:01 796528                     /usr/lib/x86_64-linux-gnu/libXi.so.6.1.0
7fcf331e0000-7fcf331e1000 r--p 0000e000 08:01 796528                     /usr/lib/x86_64-linux-gnu/libXi.so.6.1.0
7fcf331e1000-7fcf331e2000 rw-p 0000f000 08:01 796528                     /usr/lib/x86_64-linux-gnu/libXi.so.6.1.0
7fcf331e2000-7fcf331e4000 r-xp 00000000 08:01 796530                     /usr/lib/x86_64-linux-gnu/libXinerama.so.1.0.0
7fcf331e4000-7fcf333e3000 ---p 00002000 08:01 796530                     /usr/lib/x86_64-linux-gnu/libXinerama.so.1.0.0
7fcf333e3000-7fcf333e4000 r--p 00001000 08:01 796530                     /usr/lib/x86_64-linux-gnu/libXinerama.so.1.0.0
7fcf333e4000-7fcf333e5000 rw-p 00002000 08:01 796530                     /usr/lib/x86_64-linux-gnu/libXinerama.so.1.0.0
7fcf333e5000-7fcf333ee000 r-xp 00000000 08:01 796540                     /usr/lib/x86_64-linux-gnu/libXrender.so.1.3.0
7fcf333ee000-7fcf335ed000 ---p 00009000 08:01 796540                     /usr/lib/x86_64-linux-gnu/libXrender.so.1.3.0
7fcf335ed000-7fcf335ee000 r--p 00008000 08:01 796540                     /usr/lib/x86_64-linux-gnu/libXrender.so.1.3.0
7fcf335ee000-7fcf335ef000 rw-p 00009000 08:01 796540                     /usr/lib/x86_64-linux-gnu/libXrender.so.1.3.0
7fcf335ef000-7fcf335f4000 r-xp 00000000 08:01 796522                     /usr/lib/x86_64-linux-gnu/libXfixes.so.3.1.0
7fcf335f4000-7fcf337f3000 ---p 00005000 08:01 796522                     /usr/lib/x86_64-linux-gnu/libXfixes.so.3.1.0
7fcf337f3000-7fcf337f4000 r--p 00004000 08:01 796522                     /usr/lib/x86_64-linux-gnu/libXfixes.so.3.1.0
7fcf337f4000-7fcf337f5000 rw-p 00005000 08:01 796522                     /usr/lib/x86_64-linux-gnu/libXfixes.so.3.1.0
7fcf337f5000-7fcf3380b000 r-xp 00000000 08:01 1578072                    /lib/x86_64-linux-gnu/libgcc_s.so.1
7fcf3380b000-7fcf33a0a000 ---p 00016000 08:01 1578072                    /lib/x86_64-linux-gnu/libgcc_s.so.1
7fcf33a0a000-7fcf33a0b000 rw-p 00015000 08:01 1578072                    /lib/x86_64-linux-gnu/libgcc_s.so.1
7fcf33a0b000-7fcf33b7d000 r-xp 00000000 08:01 787205                     /usr/lib/x86_64-linux-gnu/libstdc++.so.6.0.21
7fcf33b7d000-7fcf33d7d000 ---p 00172000 08:01 787205                     /usr/lib/x86_64-linux-gnu/libstdc++.so.6.0.21
7fcf33d7d000-7fcf33d87000 r--p 00172000 08:01 787205                     /usr/lib/x86_64-linux-gnu/libstdc++.so.6.0.21
7fcf33d87000-7fcf33d89000 rw-p 0017c000 08:01 787205                     /usr/lib/x86_64-linux-gnu/libstdc++.so.6.0.21
7fcf33d89000-7fcf33d8d000 rw-p 00000000 00:00 0 
7fcf33d8d000-7fcf33dfb000 r-xp 00000000 08:01 917944                     /usr/lib/x86_64-linux-gnu/mesa/libGL.so.1.2.0
7fcf33dfb000-7fcf33ffb000 ---p 0006e000 08:01 917944                     /usr/lib/x86_64-linux-gnu/mesa/libGL.so.1.2.0
7fcf33ffb000-7fcf33ffe000 r--p 0006e000 08:01 917944                     /usr/lib/x86_64-linux-gnu/mesa/libGL.so.1.2.0
7fcf33ffe000-7fcf33fff000 rw-p 00071000 08:01 917944                     /usr/lib/x86_64-linux-gnu/mesa/libGL.so.1.2.0
7fcf33fff000-7fcf34000000 rw-p 00000000 00:00 0 
7fcf34000000-7fcf34021000 rw-p 00000000 00:00 0 
7fcf34021000-7fcf38000000 ---p 00000000 00:00 0 
7fcf38000000-7fcf39e43000 rw-p 00000000 00:00 0 
7fcf39e43000-7fcf3c000000 ---p 00000000 00:00 0 
7fcf3c000000-7fcf3c289000 rw-p 00000000 00:00 0 
7fcf3c289000-7fcf40000000 ---p 00000000 00:00 0 
7fcf40000000-7fcf40021000 rw-p 00000000 00:00 0 
7fcf40021000-7fcf44000000 ---p 00000000 00:00 0 
7fcf44000000-7fcf44208000 rw-p 00000000 00:00 0 
7fcf44208000-7fcf48000000 ---p 00000000 00:00 0 
7fcf48000000-7fcf48209000 rw-p 00000000 00:00 0 
7fcf48209000-7fcf4c000000 ---p 00000000 00:00 0 
7fcf4c000000-7fcf4c021000 rw-p 00000000 00:00 0 
7fcf4c021000-7fcf50000000 ---p 00000000 00:00 0 
7fcf50000000-7fcf51859000 rw-p 00000000 00:00 0 
7fcf51859000-7fcf54000000 ---p 00000000 00:00 0 
7fcf54000000-7fcf54021000 rw-p 00000000 00:00 0 
7fcf54021000-7fcf58000000 ---p 00000000 00:00 0 
7fcf58000000-7fcf58021000 rw-p 00000000 00:00 0 
7fcf58021000-7fcf5c000000 ---p 00000000 00:00 0 
7fcf5c000000-7fcf5c021000 rw-p 00000000 00:00 0 
7fcf5c021000-7fcf60000000 ---p 00000000 00:00 0 
7fcf60005000-7fcf60007000 rw-s 00000000 00:05 107738                     /drm mm object (deleted)
7fcf60007000-7fcf6000c000 r--s 00084000 08:01 867142                     /usr/lib/jvm/java-8-oracle/jre/lib/jfr.jar
7fcf6000c000-7fcf60013000 r--s 00000000 08:01 2359880                    /var/cache/fontconfig/4be9850f182b35c1350b6bbf2e42601c-le64.cache-6
7fcf60013000-7fcf60014000 r--s 00000000 08:01 2359879                    /var/cache/fontconfig/087e1975ba9a574b140bb1df193bf770-le64.cache-6
7fcf60014000-7fcf60018000 r--s 00000000 08:01 2359878                    /var/cache/fontconfig/6aa41aa22e18b8fa06a12da28ea9c28b-le64.cache-6
7fcf60018000-7fcf60023000 r--s 00000000 08:01 2360202                    /var/cache/fontconfig/945677eb7aeaf62f1d50efc3fb3ec7d8-le64.cache-6
7fcf60023000-7fcf60029000 r--s 00000000 08:01 2360200                    /var/cache/fontconfig/2cd17615ca594fa2959ae173292e504c-le64.cache-6
7fcf60029000-7fcf6002a000 r--s 00000000 08:01 2360199                    /var/cache/fontconfig/0d8c3b2ac0904cb8a57a757ad11a4a08-le64.cache-6
7fcf6002a000-7fcf60035000 r--s 00000000 08:01 2360198                    /var/cache/fontconfig/6d41288fd70b0be22e8c3a91e032eec0-le64.cache-6
7fcf60035000-7fcf60039000 r--s 00000000 08:01 2360197                    /var/cache/fontconfig/de156ccd2eddbdc19d37a45b8b2aac9c-le64.cache-6
7fcf60039000-7fcf6004e000 r--s 00000000 08:01 2360196                    /var/cache/fontconfig/04aabc0a78ac019cf9454389977116d2-le64.cache-6
7fcf6004e000-7fcf6004f000 r--s 00000000 08:01 2360195                    /var/cache/fontconfig/1ac9eb803944fde146138c791f5cc56a-le64.cache-6
7fcf6004f000-7fcf60053000 r--s 00000000 08:01 2360194                    /var/cache/fontconfig/385c0604a188198f04d133e54aba7fe7-le64.cache-6
7fcf60053000-7fcf60054000 r--s 00000000 08:01 2360193                    /var/cache/fontconfig/dc05db6664285cc2f12bf69c139ae4c3-le64.cache-6
7fcf60054000-7fcf60057000 r--s 00000000 08:01 2360192                    /var/cache/fontconfig/767a8244fc0220cfb567a839d0392e0b-le64.cache-6
7fcf60057000-7fcf60059000 r--s 00000000 08:01 2362057                    /var/cache/fontconfig/69fb4bbe1b2fa860e172a32ebf28505c-le64.cache-6
7fcf60059000-7fcf60099000 r--s 00000000 08:01 2362056                    /var/cache/fontconfig/0bd3dc0958fa2205aaaa8ebb13e2872b-le64.cache-6
7fcf60099000-7fcf6009c000 ---p 00000000 00:00 0 
7fcf6009c000-7fcf6019a000 rw-p 00000000 00:00 0 
7fcf6019a000-7fcf6019f000 r-xp 00000000 08:01 796556                     /usr/lib/x86_64-linux-gnu/libXxf86vm.so.1.0.0
7fcf6019f000-7fcf6039e000 ---p 00005000 08:01 796556                     /usr/lib/x86_64-linux-gnu/libXxf86vm.so.1.0.0
7fcf6039e000-7fcf6039f000 r--p 00004000 08:01 796556                     /usr/lib/x86_64-linux-gnu/libXxf86vm.so.1.0.0
7fcf6039f000-7fcf603a0000 rw-p 00005000 08:01 796556                     /usr/lib/x86_64-linux-gnu/libXxf86vm.so.1.0.0
7fcf603a0000-7fcf68000000 rw-p 00000000 00:00 0 
7fcf68000000-7fcf68021000 rw-p 00000000 00:00 0 
7fcf68021000-7fcf6c000000 ---p 00000000 00:00 0 
7fcf6c000000-7fcf6c021000 rw-p 00000000 00:00 0 
7fcf6c021000-7fcf70000000 ---p 00000000 00:00 0 
7fcf70000000-7fcf70001000 r--s 00000000 08:01 2359885                    /var/cache/fontconfig/4794a0821666d79190d59a36cb4f44b5-le64.cache-6
7fcf70001000-7fcf70006000 r--s 00000000 08:01 2360188                    /var/cache/fontconfig/8801497958630a81b71ace7c5f9b32a8-le64.cache-6
7fcf70006000-7fcf7000a000 r--s 00000000 08:01 2360187                    /var/cache/fontconfig/c57959a16110560c8d0fcea73374aeeb-le64.cache-6
7fcf7000a000-7fcf7000b000 r--s 00000000 08:01 2360186                    /var/cache/fontconfig/bab58bb527bb656aaa9f116d68a48d89-le64.cache-6
7fcf7000b000-7fcf70012000 r--s 00000000 08:01 2360185                    /var/cache/fontconfig/3047814df9a2f067bd2d96a2b9c36e5a-le64.cache-6
7fcf70012000-7fcf7001a000 r--s 00000000 08:01 2360184                    /var/cache/fontconfig/bf3b770c553c462765856025a94f1ce6-le64.cache-6
7fcf7001a000-7fcf7001b000 r--s 00000000 08:01 2360183                    /var/cache/fontconfig/56cf4f4769d0f4abc89a4895d7bd3ae1-le64.cache-6
7fcf7001b000-7fcf70021000 r--s 00000000 08:01 2360181                    /var/cache/fontconfig/b47c4e1ecd0709278f4910c18777a504-le64.cache-6
7fcf70021000-7fcf70156000 r-xp 00000000 08:01 789338                     /usr/lib/x86_64-linux-gnu/libX11.so.6.3.0
7fcf70156000-7fcf70356000 ---p 00135000 08:01 789338                     /usr/lib/x86_64-linux-gnu/libX11.so.6.3.0
7fcf70356000-7fcf70357000 r--p 00135000 08:01 789338                     /usr/lib/x86_64-linux-gnu/libX11.so.6.3.0
7fcf70357000-7fcf7035b000 rw-p 00136000 08:01 789338                     /usr/lib/x86_64-linux-gnu/libX11.so.6.3.0
7fcf7035b000-7fcf70360000 r-xp 00000000 08:01 796546                     /usr/lib/x86_64-linux-gnu/libXtst.so.6.1.0
7fcf70360000-7fcf7055f000 ---p 00005000 08:01 796546                     /usr/lib/x86_64-linux-gnu/libXtst.so.6.1.0
7fcf7055f000-7fcf70560000 r--p 00004000 08:01 796546                     /usr/lib/x86_64-linux-gnu/libXtst.so.6.1.0
7fcf70560000-7fcf70561000 rw-p 00005000 08:01 796546                     /usr/lib/x86_64-linux-gnu/libXtst.so.6.1.0
7fcf70561000-7fcf70670000 r-xp 00000000 08:01 1573686                    /lib/x86_64-linux-gnu/libglib-2.0.so.0.4800.2
7fcf70670000-7fcf7086f000 ---p 0010f000 08:01 1573686                    /lib/x86_64-linux-gnu/libglib-2.0.so.0.4800.2
7fcf7086f000-7fcf70870000 r--p 0010e000 08:01 1573686                    /lib/x86_64-linux-gnu/libglib-2.0.so.0.4800.2
7fcf70870000-7fcf70871000 rw-p 0010f000 08:01 1573686                    /lib/x86_64-linux-gnu/libglib-2.0.so.0.4800.2
7fcf70871000-7fcf70872000 rw-p 00000000 00:00 0 
7fcf70872000-7fcf70873000 r-xp 00000000 08:01 799223                     /usr/lib/x86_64-linux-gnu/libgthread-2.0.so.0.4800.2
7fcf70873000-7fcf70a72000 ---p 00001000 08:01 799223                     /usr/lib/x86_64-linux-gnu/libgthread-2.0.so.0.4800.2
7fcf70a72000-7fcf70a73000 r--p 00000000 08:01 799223                     /usr/lib/x86_64-linux-gnu/libgthread-2.0.so.0.4800.2
7fcf70a73000-7fcf70a74000 rw-p 00001000 08:01 799223                     /usr/lib/x86_64-linux-gnu/libgthread-2.0.so.0.4800.2
7fcf70a74000-7fcf70a77000 r-xp 00000000 08:01 799189                     /usr/lib/x86_64-linux-gnu/libgmodule-2.0.so.0.4800.2
7fcf70a77000-7fcf70c76000 ---p 00003000 08:01 799189                     /usr/lib/x86_64-linux-gnu/libgmodule-2.0.so.0.4800.2
7fcf70c76000-7fcf70c77000 r--p 00002000 08:01 799189                     /usr/lib/x86_64-linux-gnu/libgmodule-2.0.so.0.4800.2
7fcf70c77000-7fcf70c78000 rw-p 00003000 08:01 799189                     /usr/lib/x86_64-linux-gnu/libgmodule-2.0.so.0.4800.2
7fcf70c78000-7fcf70cca000 r-xp 00000000 08:01 799193                     /usr/lib/x86_64-linux-gnu/libgobject-2.0.so.0.4800.2
7fcf70cca000-7fcf70ec9000 ---p 00052000 08:01 799193                     /usr/lib/x86_64-linux-gnu/libgobject-2.0.so.0.4800.2
7fcf70ec9000-7fcf70eca000 r--p 00051000 08:01 799193                     /usr/lib/x86_64-linux-gnu/libgobject-2.0.so.0.4800.2
7fcf70eca000-7fcf70ecb000 rw-p 00052000 08:01 799193                     /usr/lib/x86_64-linux-gnu/libgobject-2.0.so.0.4800.2
7fcf70ecb000-7fcf70f08000 r-xp 00000000 08:01 788755                     /usr/lib/x86_64-linux-gnu/libfontconfig.so.1.9.0
7fcf70f08000-7fcf71107000 ---p 0003d000 08:01 788755                     /usr/lib/x86_64-linux-gnu/libfontconfig.so.1.9.0
7fcf71107000-7fcf71109000 r--p 0003c000 08:01 788755                     /usr/lib/x86_64-linux-gnu/libfontconfig.so.1.9.0
7fcf71109000-7fcf7110e000 rw-p 0003e000 08:01 788755                     /usr/lib/x86_64-linux-gnu/libfontconfig.so.1.9.0
7fcf7110e000-7fcf711b2000 r-xp 00000000 08:01 789576                     /usr/lib/x86_64-linux-gnu/libfreetype.so.6.12.1
7fcf711b2000-7fcf713b1000 ---p 000a4000 08:01 789576                     /usr/lib/x86_64-linux-gnu/libfreetype.so.6.12.1
7fcf713b1000-7fcf713b7000 r--p 000a3000 08:01 789576                     /usr/lib/x86_64-linux-gnu/libfreetype.so.6.12.1
7fcf713b7000-7fcf713b8000 rw-p 000a9000 08:01 789576                     /usr/lib/x86_64-linux-gnu/libfreetype.so.6.12.1
7fcf713b8000-7fcf71401000 r-xp 00000000 08:01 797367                     /usr/lib/x86_64-linux-gnu/libpango-1.0.so.0.3800.1
7fcf71401000-7fcf71601000 ---p 00049000 08:01 797367                     /usr/lib/x86_64-linux-gnu/libpango-1.0.so.0.3800.1
7fcf71601000-7fcf71603000 r--p 00049000 08:01 797367                     /usr/lib/x86_64-linux-gnu/libpango-1.0.so.0.3800.1
7fcf71603000-7fcf71604000 rw-p 0004b000 08:01 797367                     /usr/lib/x86_64-linux-gnu/libpango-1.0.so.0.3800.1
7fcf71604000-7fcf71712000 r-xp 00000000 08:01 796674                     /usr/lib/x86_64-linux-gnu/libcairo.so.2.11400.6
7fcf71712000-7fcf71912000 ---p 0010e000 08:01 796674                     /usr/lib/x86_64-linux-gnu/libcairo.so.2.11400.6
7fcf71912000-7fcf71915000 r--p 0010e000 08:01 796674                     /usr/lib/x86_64-linux-gnu/libcairo.so.2.11400.6
7fcf71915000-7fcf71916000 rw-p 00111000 08:01 796674                     /usr/lib/x86_64-linux-gnu/libcairo.so.2.11400.6
7fcf71916000-7fcf71918000 rw-p 00000000 00:00 0 
7fcf71918000-7fcf71924000 r-xp 00000000 08:01 797369                     /usr/lib/x86_64-linux-gnu/libpangocairo-1.0.so.0.3800.1
7fcf71924000-7fcf71b23000 ---p 0000c000 08:01 797369                     /usr/lib/x86_64-linux-gnu/libpangocairo-1.0.so.0.3800.1
7fcf71b23000-7fcf71b24000 r--p 0000b000 08:01 797369                     /usr/lib/x86_64-linux-gnu/libpangocairo-1.0.so.0.3800.1
7fcf71b24000-7fcf71b25000 rw-p 0000c000 08:01 797369                     /usr/lib/x86_64-linux-gnu/libpangocairo-1.0.so.0.3800.1
7fcf71b25000-7fcf71b46000 r-xp 00000000 08:01 787421                     /usr/lib/x86_64-linux-gnu/libgdk_pixbuf-2.0.so.0.3200.2
7fcf71b46000-7fcf71d45000 ---p 00021000 08:01 787421                     /usr/lib/x86_64-linux-gnu/libgdk_pixbuf-2.0.so.0.3200.2
7fcf71d45000-7fcf71d46000 r--p 00020000 08:01 787421                     /usr/lib/x86_64-linux-gnu/libgdk_pixbuf-2.0.so.0.3200.2
7fcf71d46000-7fcf71d47000 rw-p 00021000 08:01 787421                     /usr/lib/x86_64-linux-gnu/libgdk_pixbuf-2.0.so.0.3200.2
7fcf71d47000-7fcf71d5b000 r-xp 00000000 08:01 797371                     /usr/lib/x86_64-linux-gnu/libpangoft2-1.0.so.0.3800.1
7fcf71d5b000-7fcf71f5b000 ---p 00014000 08:01 797371                     /usr/lib/x86_64-linux-gnu/libpangoft2-1.0.so.0.3800.1
7fcf71f5b000-7fcf71f5c000 r--p 00014000 08:01 797371                     /usr/lib/x86_64-linux-gnu/libpangoft2-1.0.so.0.3800.1
7fcf71f5c000-7fcf71f5d000 rw-p 00015000 08:01 797371                     /usr/lib/x86_64-linux-gnu/libpangoft2-1.0.so.0.3800.1
7fcf71f5d000-7fcf720dd000 r-xp 00000000 08:01 799196                     /usr/lib/x86_64-linux-gnu/libgio-2.0.so.0.4800.2
7fcf720dd000-7fcf722dd000 ---p 00180000 08:01 799196                     /usr/lib/x86_64-linux-gnu/libgio-2.0.so.0.4800.2
7fcf722dd000-7fcf722e1000 r--p 00180000 08:01 799196                     /usr/lib/x86_64-linux-gnu/libgio-2.0.so.0.4800.2
7fcf722e1000-7fcf722e3000 rw-p 00184000 08:01 799196                     /usr/lib/x86_64-linux-gnu/libgio-2.0.so.0.4800.2
7fcf722e3000-7fcf722e5000 rw-p 00000000 00:00 0 
7fcf722e5000-7fcf72307000 r-xp 00000000 08:01 796604                     /usr/lib/x86_64-linux-gnu/libatk-1.0.so.0.21809.1
7fcf72307000-7fcf72506000 ---p 00022000 08:01 796604                     /usr/lib/x86_64-linux-gnu/libatk-1.0.so.0.21809.1
7fcf72506000-7fcf72509000 r--p 00021000 08:01 796604                     /usr/lib/x86_64-linux-gnu/libatk-1.0.so.0.21809.1
7fcf72509000-7fcf7250a000 rw-p 00024000 08:01 796604                     /usr/lib/x86_64-linux-gnu/libatk-1.0.so.0.21809.1
7fcf7250a000-7fcf725ba000 r-xp 00000000 08:01 795622                     /usr/lib/x86_64-linux-gnu/libgdk-x11-2.0.so.0.2400.30
7fcf725ba000-7fcf727b9000 ---p 000b0000 08:01 795622                     /usr/lib/x86_64-linux-gnu/libgdk-x11-2.0.so.0.2400.30
7fcf727b9000-7fcf727bd000 r--p 000af000 08:01 795622                     /usr/lib/x86_64-linux-gnu/libgdk-x11-2.0.so.0.2400.30
7fcf727bd000-7fcf727bf000 rw-p 000b3000 08:01 795622                     /usr/lib/x86_64-linux-gnu/libgdk-x11-2.0.so.0.2400.30
7fcf727bf000-7fcf72bfd000 r-xp 00000000 08:01 795623                     /usr/lib/x86_64-linux-gnu/libgtk-x11-2.0.so.0.2400.30
7fcf72bfd000-7fcf72dfc000 ---p 0043e000 08:01 795623                     /usr/lib/x86_64-linux-gnu/libgtk-x11-2.0.so.0.2400.30
7fcf72dfc000-7fcf72e03000 r--p 0043d000 08:01 795623                     /usr/lib/x86_64-linux-gnu/libgtk-x11-2.0.so.0.2400.30
7fcf72e03000-7fcf72e07000 rw-p 00444000 08:01 795623                     /usr/lib/x86_64-linux-gnu/libgtk-x11-2.0.so.0.2400.30
7fcf72e07000-7fcf72e0a000 rw-p 00000000 00:00 0 
7fcf72e0a000-7fcf72e16000 r-xp 00000000 08:01 867377                     /usr/lib/jvm/java-8-oracle/jre/lib/amd64/libprism_es2.so
7fcf72e16000-7fcf73015000 ---p 0000c000 08:01 867377                     /usr/lib/jvm/java-8-oracle/jre/lib/amd64/libprism_es2.so
7fcf73015000-7fcf73016000 rw-p 0000b000 08:01 867377                     /usr/lib/jvm/java-8-oracle/jre/lib/amd64/libprism_es2.so
7fcf73016000-7fcf73019000 ---p 00000000 00:00 0 
7fcf73019000-7fcf73117000 rw-p 00000000 00:00 0 
7fcf73117000-7fcf73118000 ---p 00000000 00:00 0 
7fcf73118000-7fcf73218000 rw-p 00000000 00:00 0 
7fcf73218000-7fcf7321b000 ---p 00000000 00:00 0 
7fcf7321b000-7fcf73319000 rw-p 00000000 00:00 0 
7fcf73319000-7fcf7331c000 ---p 00000000 00:00 0 
7fcf7331c000-7fcf7341a000 rw-p 00000000 00:00 0 
7fcf7341a000-7fcf7341d000 ---p 00000000 00:00 0 
7fcf7341d000-7fcf7351b000 rw-p 00000000 00:00 0 
7fcf7351b000-7fcf7351e000 ---p 00000000 00:00 0 
7fcf7351e000-7fcf7361c000 rw-p 00000000 00:00 0 
7fcf7361c000-7fcf7361f000 ---p 00000000 00:00 0 
7fcf7361f000-7fcf7371d000 rw-p 00000000 00:00 0 
7fcf7371d000-7fcf73720000 ---p 00000000 00:00 0 
7fcf73720000-7fcf7381e000 rw-p 00000000 00:00 0 
7fcf7381e000-7fcf73afb000 r--p 00000000 08:01 802180                     /usr/lib/locale/locale-archive
7fcf73afb000-7fcf73afe000 ---p 00000000 00:00 0 
7fcf73afe000-7fcf73bfc000 rw-p 00000000 00:00 0 
7fcf73bfc000-7fcf73bff000 ---p 00000000 00:00 0 
7fcf73bff000-7fcf73cfd000 rw-p 00000000 00:00 0 
7fcf73cfd000-7fcf73cfe000 ---p 00000000 00:00 0 
7fcf73cfe000-7fcf74000000 rw-p 00000000 00:00 0 
7fcf74000000-7fcf74021000 rw-p 00000000 00:00 0 
7fcf74021000-7fcf78000000 ---p 00000000 00:00 0 
7fcf78000000-7fcf78021000 rw-p 00000000 00:00 0 
7fcf78021000-7fcf7c000000 ---p 00000000 00:00 0 
7fcf7c000000-7fcf7c021000 rw-p 00000000 00:00 0 
7fcf7c021000-7fcf80000000 ---p 00000000 00:00 0 
7fcf80000000-7fcf80021000 rw-p 00000000 00:00 0 
7fcf80021000-7fcf84000000 ---p 00000000 00:00 0 
7fcf84000000-7fcf84021000 rw-p 00000000 00:00 0 
7fcf84021000-7fcf88000000 ---p 00000000 00:00 0 
7fcf88000000-7fcf88021000 rw-p 00000000 00:00 0 
7fcf88021000-7fcf8c000000 ---p 00000000 00:00 0 
7fcf8c000000-7fcf8c001000 r--s 00000000 08:01 2360182                    /var/cache/fontconfig/b9d506c9ac06c20b433354fa67a72993-le64.cache-6
7fcf8c001000-7fcf8c004000 r--s 00000000 08:01 2359872                    /var/cache/fontconfig/e49e89034d371f0f9de17aab02136486-le64.cache-6
7fcf8c004000-7fcf8c006000 r--s 00000000 08:01 2362055                    /var/cache/fontconfig/4b14b093aebc79c320de5e86ae1d3314-le64.cache-6
7fcf8c006000-7fcf8c019000 r--s 00000000 08:01 2360178                    /var/cache/fontconfig/d52a8644073d54c13679302ca1180695-le64.cache-6
7fcf8c019000-7fcf8c01a000 r--s 00000000 08:01 2360177                    /var/cache/fontconfig/551ecf3b0e8b0bca0f25c0944f561853-le64.cache-6
7fcf8c01a000-7fcf8c01b000 r--s 00000000 08:01 2359827                    /var/cache/fontconfig/8a687c406b77f27d99abfeeba937fcce-le64.cache-6
7fcf8c01b000-7fcf8c026000 r--s 00000000 08:01 2360175                    /var/cache/fontconfig/d589a48862398ed80a3d6066f4f56f4c-le64.cache-6
7fcf8c026000-7fcf8c027000 r--s 00000000 08:01 2360174                    /var/cache/fontconfig/30829fa25452a46451e813d634d7f916-le64.cache-6
7fcf8c027000-7fcf8c028000 r--s 00000000 08:01 2360173                    /var/cache/fontconfig/0c9eb80ebd1c36541ebe2852d3bb0c49-le64.cache-6
7fcf8c028000-7fcf8c02b000 r--s 00000000 08:01 2360169                    /var/cache/fontconfig/75114ca45c98e8a441da0ff356701271-le64.cache-6
7fcf8c02b000-7fcf8c036000 r--s 00000000 08:01 2360168                    /var/cache/fontconfig/83bf95040141907cd45bb53cf7c1c148-le64.cache-6
7fcf8c036000-7fcf8c048000 r--s 00000000 08:01 2360167                    /var/cache/fontconfig/9b89f8e3dae116d678bbf48e5f21f69b-le64.cache-6
7fcf8c048000-7fcf8c051000 r--s 00000000 08:01 2359785                    /var/cache/fontconfig/d0972c3d32f097851eb916381fc38920-le64.cache-6
7fcf8c051000-7fcf8c071000 r--s 00000000 08:01 2359681                    /var/cache/fontconfig/e13b20fdb08344e0e664864cc2ede53d-le64.cache-6
7fcf8c071000-7fcf8c07e000 r--s 00000000 08:01 2362052                    /var/cache/fontconfig/8f02d4cb045bd6ce15663e43f347c9f8-le64.cache-6
7fcf8c07e000-7fcf8c09f000 r--s 00000000 08:01 2360207                    /var/cache/fontconfig/467c019e582ee353435ea5c21d137ef6-le64.cache-6
7fcf8c09f000-7fcf8c0a7000 rw-s 00000000 00:05 111190                     /drm mm object (deleted)
7fcf8c0a7000-7fcf8c0af000 rw-s 00000000 00:05 111180                     /drm mm object (deleted)
7fcf8c0af000-7fcf8c0da000 r--p 00000000 08:01 1183374                    /usr/share/locale-langpack/fr/LC_MESSAGES/gtk20-properties.mo
7fcf8c0da000-7fcf8c0e9000 r--p 00000000 08:01 1183380                    /usr/share/locale-langpack/fr/LC_MESSAGES/gtk20.mo
7fcf8c0e9000-7fcf8c0f1000 rw-s 00000000 00:05 111165                     /drm mm object (deleted)
7fcf8c0f1000-7fcf8d000000 rw-p 00000000 00:00 0 
7fcf8d000000-7fcf8d590000 rwxp 00000000 00:00 0 
7fcf8d590000-7fcf9c000000 ---p 00000000 00:00 0 
7fcf9c000000-7fcf9c594000 rw-p 00000000 00:00 0 
7fcf9c594000-7fcfa0000000 ---p 00000000 00:00 0 
7fcfa0000000-7fcfa0026000 r--p 00000000 08:01 1185272                    /usr/share/locale-langpack/fr/LC_MESSAGES/libc.mo
7fcfa0026000-7fcfa00bb000 r--s 01103000 08:01 867266                     /usr/lib/jvm/java-8-oracle/jre/lib/ext/jfxrt.jar
7fcfa00bb000-7fcfa0b14000 rw-p 00000000 00:00 0 
7fcfa0b14000-7fcfa0ced000 r--s 03d1f000 08:01 867165                     /usr/lib/jvm/java-8-oracle/jre/lib/rt.jar
7fcfa0ced000-7fcfa1d29000 rw-p 00000000 00:00 0 
7fcfa1d29000-7fcfa1d2a000 ---p 00000000 00:00 0 
7fcfa1d2a000-7fcfa1e2a000 rw-p 00000000 00:00 0 
7fcfa1e2a000-7fcfa1e2b000 ---p 00000000 00:00 0 
7fcfa1e2b000-7fcfa1f2b000 rw-p 00000000 00:00 0 
7fcfa1f2b000-7fcfa1f2c000 ---p 00000000 00:00 0 
7fcfa1f2c000-7fcfa202c000 rw-p 00000000 00:00 0 
7fcfa202c000-7fcfa202d000 ---p 00000000 00:00 0 
7fcfa202d000-7fcfa212d000 rw-p 00000000 00:00 0 
7fcfa212d000-7fcfa212e000 ---p 00000000 00:00 0 
7fcfa212e000-7fcfa222e000 rw-p 00000000 00:00 0 
7fcfa222e000-7fcfa222f000 ---p 00000000 00:00 0 
7fcfa222f000-7fcfa232f000 rw-p 00000000 00:00 0 
7fcfa232f000-7fcfa2330000 ---p 00000000 00:00 0 
7fcfa2330000-7fcfa2430000 rw-p 00000000 00:00 0 
7fcfa2430000-7fcfa2431000 ---p 00000000 00:00 0 
7fcfa2431000-7fcfa2585000 rw-p 00000000 00:00 0 
7fcfa2585000-7fcfa2a60000 ---p 00000000 00:00 0 
7fcfa2a60000-7fcfa2ab4000 rw-p 00000000 00:00 0 
7fcfa2ab4000-7fcfa2f8e000 ---p 00000000 00:00 0 
7fcfa2f8e000-7fcfa2fb9000 rw-p 00000000 00:00 0 
7fcfa2fb9000-7fcfa3226000 ---p 00000000 00:00 0 
7fcfa3226000-7fcfa323e000 rw-p 00000000 00:00 0 
7fcfa323e000-7fcfa35e7000 ---p 00000000 00:00 0 
7fcfa35e7000-7fcfa3601000 r-xp 00000000 08:01 867369                     /usr/lib/jvm/java-8-oracle/jre/lib/amd64/libzip.so
7fcfa3601000-7fcfa3801000 ---p 0001a000 08:01 867369                     /usr/lib/jvm/java-8-oracle/jre/lib/amd64/libzip.so
7fcfa3801000-7fcfa3802000 rw-p 0001a000 08:01 867369                     /usr/lib/jvm/java-8-oracle/jre/lib/amd64/libzip.so
7fcfa3802000-7fcfa382c000 r-xp 00000000 08:01 867364                     /usr/lib/jvm/java-8-oracle/jre/lib/amd64/libjava.so
7fcfa382c000-7fcfa3a2c000 ---p 0002a000 08:01 867364                     /usr/lib/jvm/java-8-oracle/jre/lib/amd64/libjava.so
7fcfa3a2c000-7fcfa3a2e000 rw-p 0002a000 08:01 867364                     /usr/lib/jvm/java-8-oracle/jre/lib/amd64/libjava.so
7fcfa3a2e000-7fcfa3a3b000 r-xp 00000000 08:01 867368                     /usr/lib/jvm/java-8-oracle/jre/lib/amd64/libverify.so
7fcfa3a3b000-7fcfa3c3b000 ---p 0000d000 08:01 867368                     /usr/lib/jvm/java-8-oracle/jre/lib/amd64/libverify.so
7fcfa3c3b000-7fcfa3c3d000 rw-p 0000d000 08:01 867368                     /usr/lib/jvm/java-8-oracle/jre/lib/amd64/libverify.so
7fcfa3c3d000-7fcfa3c44000 r-xp 00000000 08:01 1576342                    /lib/x86_64-linux-gnu/librt-2.23.so
7fcfa3c44000-7fcfa3e43000 ---p 00007000 08:01 1576342                    /lib/x86_64-linux-gnu/librt-2.23.so
7fcfa3e43000-7fcfa3e44000 r--p 00006000 08:01 1576342                    /lib/x86_64-linux-gnu/librt-2.23.so
7fcfa3e44000-7fcfa3e45000 rw-p 00007000 08:01 1576342                    /lib/x86_64-linux-gnu/librt-2.23.so
7fcfa3e45000-7fcfa3f4d000 r-xp 00000000 08:01 1572939                    /lib/x86_64-linux-gnu/libm-2.23.so
7fcfa3f4d000-7fcfa414c000 ---p 00108000 08:01 1572939                    /lib/x86_64-linux-gnu/libm-2.23.so
7fcfa414c000-7fcfa414d000 r--p 00107000 08:01 1572939                    /lib/x86_64-linux-gnu/libm-2.23.so
7fcfa414d000-7fcfa414e000 rw-p 00108000 08:01 1572939                    /lib/x86_64-linux-gnu/libm-2.23.so
7fcfa414e000-7fcfa4e0e000 r-xp 00000000 08:01 867389                     /usr/lib/jvm/java-8-oracle/jre/lib/amd64/server/libjvm.so
7fcfa4e0e000-7fcfa500e000 ---p 00cc0000 08:01 867389                     /usr/lib/jvm/java-8-oracle/jre/lib/amd64/server/libjvm.so
7fcfa500e000-7fcfa50e6000 rw-p 00cc0000 08:01 867389                     /usr/lib/jvm/java-8-oracle/jre/lib/amd64/server/libjvm.so
7fcfa50e6000-7fcfa5131000 rw-p 00000000 00:00 0 
7fcfa5131000-7fcfa52f1000 r-xp 00000000 08:01 1576324                    /lib/x86_64-linux-gnu/libc-2.23.so
7fcfa52f1000-7fcfa54f1000 ---p 001c0000 08:01 1576324                    /lib/x86_64-linux-gnu/libc-2.23.so
7fcfa54f1000-7fcfa54f5000 r--p 001c0000 08:01 1576324                    /lib/x86_64-linux-gnu/libc-2.23.so
7fcfa54f5000-7fcfa54f7000 rw-p 001c4000 08:01 1576324                    /lib/x86_64-linux-gnu/libc-2.23.so
7fcfa54f7000-7fcfa54fb000 rw-p 00000000 00:00 0 
7fcfa54fb000-7fcfa54fe000 r-xp 00000000 08:01 1576326                    /lib/x86_64-linux-gnu/libdl-2.23.so
7fcfa54fe000-7fcfa56fd000 ---p 00003000 08:01 1576326                    /lib/x86_64-linux-gnu/libdl-2.23.so
7fcfa56fd000-7fcfa56fe000 r--p 00002000 08:01 1576326                    /lib/x86_64-linux-gnu/libdl-2.23.so
7fcfa56fe000-7fcfa56ff000 rw-p 00003000 08:01 1576326                    /lib/x86_64-linux-gnu/libdl-2.23.so
7fcfa56ff000-7fcfa5714000 r-xp 00000000 08:01 867386                     /usr/lib/jvm/java-8-oracle/jre/lib/amd64/jli/libjli.so
7fcfa5714000-7fcfa5914000 ---p 00015000 08:01 867386                     /usr/lib/jvm/java-8-oracle/jre/lib/amd64/jli/libjli.so
7fcfa5914000-7fcfa5915000 rw-p 00015000 08:01 867386                     /usr/lib/jvm/java-8-oracle/jre/lib/amd64/jli/libjli.so
7fcfa5915000-7fcfa592d000 r-xp 00000000 08:01 1576323                    /lib/x86_64-linux-gnu/libpthread-2.23.so
7fcfa592d000-7fcfa5b2c000 ---p 00018000 08:01 1576323                    /lib/x86_64-linux-gnu/libpthread-2.23.so
7fcfa5b2c000-7fcfa5b2d000 r--p 00017000 08:01 1576323                    /lib/x86_64-linux-gnu/libpthread-2.23.so
7fcfa5b2d000-7fcfa5b2e000 rw-p 00018000 08:01 1576323                    /lib/x86_64-linux-gnu/libpthread-2.23.so
7fcfa5b2e000-7fcfa5b32000 rw-p 00000000 00:00 0 
7fcfa5b32000-7fcfa5b58000 r-xp 00000000 08:01 1573235                    /lib/x86_64-linux-gnu/ld-2.23.so
7fcfa5b58000-7fcfa5b5c000 r--s 00000000 08:01 2359777                    /var/cache/fontconfig/7ef2298fde41cc6eeb7af42e48b7d293-le64.cache-6
7fcfa5b5c000-7fcfa5b63000 r--s 00000000 08:01 917967                     /usr/lib/x86_64-linux-gnu/gconv/gconv-modules.cache
7fcfa5b63000-7fcfa5c0c000 rw-p 00000000 00:00 0 
7fcfa5c0c000-7fcfa5c14000 rw-s 00000000 08:01 2097728                    /tmp/hsperfdata_benaissm/8239
7fcfa5c14000-7fcfa5c17000 ---p 00000000 00:00 0 
7fcfa5c17000-7fcfa5d19000 rw-p 00000000 00:00 0 
7fcfa5d19000-7fcfa5d1a000 r--s 00000000 08:01 2359784                    /var/cache/fontconfig/c277e94e32b20404286a1ddafa5a80f0-le64.cache-6
7fcfa5d1a000-7fcfa5d1c000 r--s 00000000 08:01 2362053                    /var/cache/fontconfig/16326683038b281783a0ef8c680e3a10-le64.cache-6
7fcfa5d1c000-7fcfa5d1d000 r--s 00000000 08:01 2360208                    /var/cache/fontconfig/e0aa53bcfa504e64f87823c16bc01eb6-le64.cache-6
7fcfa5d1d000-7fcfa5d1e000 rw-s 00000000 00:05 111182                     /drm mm object (deleted)
7fcfa5d1e000-7fcfa5d1f000 r--s 00001000 00:29 3800545429                 /home/b/benaissm/Bureau/COURS/MASTER1/SEMESTRE1/IHM/TP3/downloader/dist/run271530814/downloader.jar
7fcfa5d1f000-7fcfa5d54000 r--s 00000000 08:01 2377231                    /var/cache/nscd/passwd
7fcfa5d54000-7fcfa5d55000 rw-p 00000000 00:00 0 
7fcfa5d55000-7fcfa5d56000 r--p 00000000 00:00 0 
7fcfa5d56000-7fcfa5d57000 rw-p 00000000 00:00 0 
7fcfa5d57000-7fcfa5d58000 r--p 00025000 08:01 1573235                    /lib/x86_64-linux-gnu/ld-2.23.so
7fcfa5d58000-7fcfa5d59000 rw-p 00026000 08:01 1573235                    /lib/x86_64-linux-gnu/ld-2.23.so
7fcfa5d59000-7fcfa5d5a000 rw-p 00000000 00:00 0 
7fff2b097000-7fff2b0b8000 rw-p 00000000 00:00 0                          [stack]
7fff2b19a000-7fff2b19c000 r--p 00000000 00:00 0                          [vvar]
7fff2b19c000-7fff2b19e000 r-xp 00000000 00:00 0                          [vdso]
ffffffffff600000-ffffffffff601000 r-xp 00000000 00:00 0                  [vsyscall]

VM Arguments:
jvm_args: -Dfile.encoding=UTF-8 
java_command: /home/b/benaissm/Bureau/COURS/MASTER1/SEMESTRE1/IHM/TP3/downloader/dist/run271530814/downloader.jar
java_class_path (initial): /home/b/benaissm/Bureau/COURS/MASTER1/SEMESTRE1/IHM/TP3/downloader/dist/run271530814/downloader.jar
Launcher Type: SUN_STANDARD

Environment Variables:
JAVA_HOME=/usr/lib/jvm/java-9-oracle
PATH=/usr/local/bin:/usr/local/sbin:/usr/bin:/usr/sbin:/bin:/sbin:/snap/bin:/usr/lib/jvm/java-9-oracle/bin:/usr/lib/jvm/java-9-oracle/db/bin
LD_LIBRARY_PATH=/usr/lib/jvm/java-8-oracle/bin/../jre/lib/amd64:/usr/lib/jvm/java-8-oracle/bin/../jre/lib/i386:
SHELL=/bin/bash
DISPLAY=:0.0

Signal Handlers:
SIGSEGV: [libjvm.so+0xabca10], sa_mask[0]=11111111011111111101111111111110, sa_flags=SA_RESTART|SA_SIGINFO
SIGBUS: [libjvm.so+0xabca10], sa_mask[0]=11111111011111111101111111111110, sa_flags=SA_RESTART|SA_SIGINFO
SIGFPE: [libjvm.so+0x919a20], sa_mask[0]=11111111011111111101111111111110, sa_flags=SA_RESTART|SA_SIGINFO
SIGPIPE: SIG_IGN, sa_mask[0]=00000000000010000000000000000000, sa_flags=SA_RESTART
SIGXFSZ: [libjvm.so+0x919a20], sa_mask[0]=11111111011111111101111111111110, sa_flags=SA_RESTART|SA_SIGINFO
SIGILL: [libjvm.so+0x919a20], sa_mask[0]=11111111011111111101111111111110, sa_flags=SA_RESTART|SA_SIGINFO
SIGUSR1: SIG_DFL, sa_mask[0]=00000000000000000000000000000000, sa_flags=none
SIGUSR2: [libjvm.so+0x91b050], sa_mask[0]=00100000000000000000000000000000, sa_flags=SA_RESTART|SA_SIGINFO
SIGHUP: [libjvm.so+0x91c450], sa_mask[0]=11111111011111111101111111111110, sa_flags=SA_RESTART|SA_SIGINFO
SIGINT: SIG_IGN, sa_mask[0]=00000000000000000000000000000000, sa_flags=none
SIGTERM: [libjvm.so+0x91c450], sa_mask[0]=11111111011111111101111111111110, sa_flags=SA_RESTART|SA_SIGINFO
SIGQUIT: [libjvm.so+0x91c450], sa_mask[0]=11111111011111111101111111111110, sa_flags=SA_RESTART|SA_SIGINFO


---------------  S Y S T E M  ---------------

OS:DISTRIB_ID=Ubuntu
DISTRIB_RELEASE=16.04
DISTRIB_CODENAME=xenial
DISTRIB_DESCRIPTION="Ubuntu 16.04.2 LTS"

uname:Linux 4.4.0-66-generic #87-Ubuntu SMP Fri Mar 3 15:29:05 UTC 2017 x86_64
libc:glibc 2.23 NPTL 2.23 
rlimit: STACK 8192k, CORE 0k, NPROC 63490, NOFILE 1048576, AS infinity
load average:0,88 0,69 0,46

/proc/meminfo:
MemTotal:       16293916 kB
MemFree:        11196204 kB
MemAvailable:   12781376 kB
Buffers:          361388 kB
Cached:          1738052 kB
SwapCached:            0 kB
Active:          3616492 kB
Inactive:        1125332 kB
Active(anon):    2649632 kB
Inactive(anon):   375284 kB
Active(file):     966860 kB
Inactive(file):   750048 kB
Unevictable:          64 kB
Mlocked:              64 kB
SwapTotal:       3694588 kB
SwapFree:        3694588 kB
Dirty:              6024 kB
Writeback:             0 kB
AnonPages:       2642924 kB
Mapped:           509264 kB
Shmem:            381808 kB
Slab:             245964 kB
SReclaimable:     204404 kB
SUnreclaim:        41560 kB
KernelStack:        9840 kB
PageTables:        26716 kB
NFS_Unstable:          0 kB
Bounce:                0 kB
WritebackTmp:          0 kB
CommitLimit:    11841544 kB
Committed_AS:    6020488 kB
VmallocTotal:   34359738367 kB
VmallocUsed:           0 kB
VmallocChunk:          0 kB
HardwareCorrupted:     0 kB
AnonHugePages:   1779712 kB
CmaTotal:              0 kB
CmaFree:               0 kB
HugePages_Total:       0
HugePages_Free:        0
HugePages_Rsvd:        0
HugePages_Surp:        0
Hugepagesize:       2048 kB
DirectMap4k:      121912 kB
DirectMap2M:     7079936 kB
DirectMap1G:    10485760 kB


CPU:total 8 (4 cores per cpu, 2 threads per core) family 6 model 94 stepping 3, cmov, cx8, fxsr, mmx, sse, sse2, sse3, ssse3, sse4.1, sse4.2, popcnt, avx, avx2, aes, clmul, erms, rtm, 3dnowpref, lzcnt, ht, tsc, tscinvbit, bmi1, bmi2, adx

/proc/cpuinfo:
processor	: 0
vendor_id	: GenuineIntel
cpu family	: 6
model		: 94
model name	: Intel(R) Core(TM) i7-6700 CPU @ 3.40GHz
stepping	: 3
microcode	: 0xc2
cpu MHz		: 1581.265
cache size	: 8192 KB
physical id	: 0
siblings	: 8
core id		: 0
cpu cores	: 4
apicid		: 0
initial apicid	: 0
fpu		: yes
fpu_exception	: yes
cpuid level	: 22
wp		: yes
flags		: fpu vme de pse tsc msr pae mce cx8 apic sep mtrr pge mca cmov pat pse36 clflush dts acpi mmx fxsr sse sse2 ss ht tm pbe syscall nx pdpe1gb rdtscp lm constant_tsc art arch_perfmon pebs bts rep_good nopl xtopology nonstop_tsc aperfmperf eagerfpu pni pclmulqdq dtes64 monitor ds_cpl vmx smx est tm2 ssse3 sdbg fma cx16 xtpr pdcm pcid sse4_1 sse4_2 x2apic movbe popcnt tsc_deadline_timer aes xsave avx f16c rdrand lahf_lm abm 3dnowprefetch epb intel_pt tpr_shadow vnmi flexpriority ept vpid fsgsbase tsc_adjust bmi1 hle avx2 smep bmi2 erms invpcid rtm mpx rdseed adx smap clflushopt xsaveopt xsavec xgetbv1 dtherm ida arat pln pts hwp hwp_notify hwp_act_window hwp_epp
bugs		:
bogomips	: 6816.61
clflush size	: 64
cache_alignment	: 64
address sizes	: 39 bits physical, 48 bits virtual
power management:

processor	: 1
vendor_id	: GenuineIntel
cpu family	: 6
model		: 94
model name	: Intel(R) Core(TM) i7-6700 CPU @ 3.40GHz
stepping	: 3
microcode	: 0xc2
cpu MHz		: 1363.187
cache size	: 8192 KB
physical id	: 0
siblings	: 8
core id		: 1
cpu cores	: 4
apicid		: 2
initial apicid	: 2
fpu		: yes
fpu_exception	: yes
cpuid level	: 22
wp		: yes
flags		: fpu vme de pse tsc msr pae mce cx8 apic sep mtrr pge mca cmov pat pse36 clflush dts acpi mmx fxsr sse sse2 ss ht tm pbe syscall nx pdpe1gb rdtscp lm constant_tsc art arch_perfmon pebs bts rep_good nopl xtopology nonstop_tsc aperfmperf eagerfpu pni pclmulqdq dtes64 monitor ds_cpl vmx smx est tm2 ssse3 sdbg fma cx16 xtpr pdcm pcid sse4_1 sse4_2 x2apic movbe popcnt tsc_deadline_timer aes xsave avx f16c rdrand lahf_lm abm 3dnowprefetch epb intel_pt tpr_shadow vnmi flexpriority ept vpid fsgsbase tsc_adjust bmi1 hle avx2 smep bmi2 erms invpcid rtm mpx rdseed adx smap clflushopt xsaveopt xsavec xgetbv1 dtherm ida arat pln pts hwp hwp_notify hwp_act_window hwp_epp
bugs		:
bogomips	: 6816.61
clflush size	: 64
cache_alignment	: 64
address sizes	: 39 bits physical, 48 bits virtual
power management:

processor	: 2
vendor_id	: GenuineIntel
cpu family	: 6
model		: 94
model name	: Intel(R) Core(TM) i7-6700 CPU @ 3.40GHz
stepping	: 3
microcode	: 0xc2
cpu MHz		: 1348.046
cache size	: 8192 KB
physical id	: 0
siblings	: 8
core id		: 2
cpu cores	: 4
apicid		: 4
initial apicid	: 4
fpu		: yes
fpu_exception	: yes
cpuid level	: 22
wp		: yes
flags		: fpu vme de pse tsc msr pae mce cx8 apic sep mtrr pge mca cmov pat pse36 clflush dts acpi mmx fxsr sse sse2 ss ht tm pbe syscall nx pdpe1gb rdtscp lm constant_tsc art arch_perfmon pebs bts rep_good nopl xtopology nonstop_tsc aperfmperf eagerfpu pni pclmulqdq dtes64 monitor ds_cpl vmx smx est tm2 ssse3 sdbg fma cx16 xtpr pdcm pcid sse4_1 sse4_2 x2apic movbe popcnt tsc_deadline_timer aes xsave avx f16c rdrand lahf_lm abm 3dnowprefetch epb intel_pt tpr_shadow vnmi flexpriority ept vpid fsgsbase tsc_adjust bmi1 hle avx2 smep bmi2 erms invpcid rtm mpx rdseed adx smap clflushopt xsaveopt xsavec xgetbv1 dtherm ida arat pln pts hwp hwp_notify hwp_act_window hwp_epp
bugs		:
bogomips	: 6816.61
clflush size	: 64
cache_alignment	: 64
address sizes	: 39 bits physical, 48 bits virtual
power management:

processor	: 3
vendor_id	: GenuineIntel
cpu family	: 6
model		: 94
model name	: Intel(R) Core(TM) i7-6700 CPU @ 3.40GHz
stepping	: 3
microcode	: 0xc2
cpu MHz		: 922.250
cache size	: 8192 KB
physical id	: 0
siblings	: 8
core id		: 3
cpu cores	: 4
apicid		: 6
initial apicid	: 6
fpu		: yes
fpu_exception	: yes
cpuid level	: 22
wp		: yes
flags		: fpu vme de pse tsc msr pae mce cx8 apic sep mtrr pge mca cmov pat pse36 clflush dts acpi mmx fxsr sse sse2 ss ht tm pbe syscall nx pdpe1gb rdtscp lm constant_tsc art arch_perfmon pebs bts rep_good nopl xtopology nonstop_tsc aperfmperf eagerfpu pni pclmulqdq dtes64 monitor ds_cpl vmx smx est tm2 ssse3 sdbg fma cx16 xtpr pdcm pcid sse4_1 sse4_2 x2apic movbe popcnt tsc_deadline_timer aes xsave avx f16c rdrand lahf_lm abm 3dnowprefetch epb intel_pt tpr_shadow vnmi flexpriority ept vpid fsgsbase tsc_adjust bmi1 hle avx2 smep bmi2 erms invpcid rtm mpx rdseed adx smap clflushopt xsaveopt xsavec xgetbv1 dtherm ida arat pln pts hwp hwp_notify hwp_act_window hwp_epp
bugs		:
bogomips	: 6816.61
clflush size	: 64
cache_alignment	: 64
address sizes	: 39 bits physical, 48 bits virtual
power management:

processor	: 4
vendor_id	: GenuineIntel
cpu family	: 6
model		: 94
model name	: Intel(R) Core(TM) i7-6700 CPU @ 3.40GHz
stepping	: 3
microcode	: 0xc2
cpu MHz		: 899.937
cache size	: 8192 KB
physical id	: 0
siblings	: 8
core id		: 0
cpu cores	: 4
apicid		: 1
initial apicid	: 1
fpu		: yes
fpu_exception	: yes
cpuid level	: 22
wp		: yes
flags		: fpu vme de pse tsc msr pae mce cx8 apic sep mtrr pge mca cmov pat pse36 clflush dts acpi mmx fxsr sse sse2 ss ht tm pbe syscall nx pdpe1gb rdtscp lm constant_tsc art arch_perfmon pebs bts rep_good nopl xtopology nonstop_tsc aperfmperf eagerfpu pni pclmulqdq dtes64 monitor ds_cpl vmx smx est tm2 ssse3 sdbg fma cx16 xtpr pdcm pcid sse4_1 sse4_2 x2apic movbe popcnt tsc_deadline_timer aes xsave avx f16c rdrand lahf_lm abm 3dnowprefetch epb intel_pt tpr_shadow vnmi flexpriority ept vpid fsgsbase tsc_adjust bmi1 hle avx2 smep bmi2 erms invpcid rtm mpx rdseed adx smap clflushopt xsaveopt xsavec xgetbv1 dtherm ida arat pln pts hwp hwp_notify hwp_act_window hwp_epp
bugs		:
bogomips	: 6816.61
clflush size	: 64
cache_alignment	: 64
address sizes	: 39 bits physical, 48 bits virtual
power management:

processor	: 5
vendor_id	: GenuineIntel
cpu family	: 6
model		: 94
model name	: Intel(R) Core(TM) i7-6700 CPU @ 3.40GHz
stepping	: 3
microcode	: 0xc2
cpu MHz		: 1378.859
cache size	: 8192 KB
physical id	: 0
siblings	: 8
core id		: 1
cpu cores	: 4
apicid		: 3
initial apicid	: 3
fpu		: yes
fpu_exception	: yes
cpuid level	: 22
wp		: yes
flags		: fpu vme de pse tsc msr pae mce cx8 apic sep mtrr pge mca cmov pat pse36 clflush dts acpi mmx fxsr sse sse2 ss ht tm pbe syscall nx pdpe1gb rdtscp lm constant_tsc art arch_perfmon pebs bts rep_good nopl xtopology nonstop_tsc aperfmperf eagerfpu pni pclmulqdq dtes64 monitor ds_cpl vmx smx est tm2 ssse3 sdbg fma cx16 xtpr pdcm pcid sse4_1 sse4_2 x2apic movbe popcnt tsc_deadline_timer aes xsave avx f16c rdrand lahf_lm abm 3dnowprefetch epb intel_pt tpr_shadow vnmi flexpriority ept vpid fsgsbase tsc_adjust bmi1 hle avx2 smep bmi2 erms invpcid rtm mpx rdseed adx smap clflushopt xsaveopt xsavec xgetbv1 dtherm ida arat pln pts hwp hwp_notify hwp_act_window hwp_epp
bugs		:
bogomips	: 6816.61
clflush size	: 64
cache_alignment	: 64
address sizes	: 39 bits physical, 48 bits virtual
power management:

processor	: 6
vendor_id	: GenuineIntel
cpu family	: 6
model		: 94
model name	: Intel(R) Core(TM) i7-6700 CPU @ 3.40GHz
stepping	: 3
microcode	: 0xc2
cpu MHz		: 2109.195
cache size	: 8192 KB
physical id	: 0
siblings	: 8
core id		: 2
cpu cores	: 4
apicid		: 5
initial apicid	: 5
fpu		: yes
fpu_exception	: yes
cpuid level	: 22
wp		: yes
flags		: fpu vme de pse tsc msr pae mce cx8 apic sep mtrr pge mca cmov pat pse36 clflush dts acpi mmx fxsr sse sse2 ss ht tm pbe syscall nx pdpe1gb rdtscp lm constant_tsc art arch_perfmon pebs bts rep_good nopl xtopology nonstop_tsc aperfmperf eagerfpu pni pclmulqdq dtes64 monitor ds_cpl vmx smx est tm2 ssse3 sdbg fma cx16 xtpr pdcm pcid sse4_1 sse4_2 x2apic movbe popcnt tsc_deadline_timer aes xsave avx f16c rdrand lahf_lm abm 3dnowprefetch epb intel_pt tpr_shadow vnmi flexpriority ept vpid fsgsbase tsc_adjust bmi1 hle avx2 smep bmi2 erms invpcid rtm mpx rdseed adx smap clflushopt xsaveopt xsavec xgetbv1 dtherm ida arat pln pts hwp hwp_notify hwp_act_window hwp_epp
bugs		:
bogomips	: 6816.61
clflush size	: 64
cache_alignment	: 64
address sizes	: 39 bits physical, 48 bits virtual
power management:

processor	: 7
vendor_id	: GenuineIntel
cpu family	: 6
model		: 94
model name	: Intel(R) Core(TM) i7-6700 CPU @ 3.40GHz
stepping	: 3
microcode	: 0xc2
cpu MHz		: 1020.132
cache size	: 8192 KB
physical id	: 0
siblings	: 8
core id		: 3
cpu cores	: 4
apicid		: 7
initial apicid	: 7
fpu		: yes
fpu_exception	: yes
cpuid level	: 22
wp		: yes
flags		: fpu vme de pse tsc msr pae mce cx8 apic sep mtrr pge mca cmov pat pse36 clflush dts acpi mmx fxsr sse sse2 ss ht tm pbe syscall nx pdpe1gb rdtscp lm constant_tsc art arch_perfmon pebs bts rep_good nopl xtopology nonstop_tsc aperfmperf eagerfpu pni pclmulqdq dtes64 monitor ds_cpl vmx smx est tm2 ssse3 sdbg fma cx16 xtpr pdcm pcid sse4_1 sse4_2 x2apic movbe popcnt tsc_deadline_timer aes xsave avx f16c rdrand lahf_lm abm 3dnowprefetch epb intel_pt tpr_shadow vnmi flexpriority ept vpid fsgsbase tsc_adjust bmi1 hle avx2 smep bmi2 erms invpcid rtm mpx rdseed adx smap clflushopt xsaveopt xsavec xgetbv1 dtherm ida arat pln pts hwp hwp_notify hwp_act_window hwp_epp
bugs		:
bogomips	: 6816.61
clflush size	: 64
cache_alignment	: 64
address sizes	: 39 bits physical, 48 bits virtual
power management:



Memory: 4k page, physical 16293916k(11196204k free), swap 3694588k(3694588k free)

vm_info: Java HotSpot(TM) 64-Bit Server VM (25.91-b14) for linux-amd64 JRE (1.8.0_91-b14), built on Apr  1 2016 00:57:21 by "java_re" with gcc 4.3.0 20080428 (Red Hat 4.3.0-8)

time: Fri Dec 14 11:33:03 2018
elapsed time: 7 seconds (0d 0h 0m 7s)

